2022-04-05 08:52:12.927  INFO 22032 --- [restartedMain] c.s.w.c.SpringBootCrudApiApplication     : Starting SpringBootCrudApiApplication using Java 17.0.2 on LEONA with PID 22032 (D:\work\Mthree\eclipse-workspace\springBootCrudApi\target\classes started by Leona in D:\work\Mthree\eclipse-workspace\springBootCrudApi)
2022-04-05 08:52:12.930  INFO 22032 --- [restartedMain] c.s.w.c.SpringBootCrudApiApplication     : No active profile set, falling back to 1 default profile: "default"
2022-04-05 08:52:12.967  INFO 22032 --- [restartedMain] .e.DevToolsPropertyDefaultsPostProcessor : Devtools property defaults active! Set 'spring.devtools.add-properties' to 'false' to disable
2022-04-05 08:52:12.967  INFO 22032 --- [restartedMain] .e.DevToolsPropertyDefaultsPostProcessor : For additional web related logging consider setting the 'logging.level.web' property to 'DEBUG'
2022-04-05 08:52:13.600  INFO 22032 --- [restartedMain] o.s.b.w.embedded.tomcat.TomcatWebServer  : Tomcat initialized with port(s): 8080 (http)
2022-04-05 08:52:13.607  INFO 22032 --- [restartedMain] o.apache.catalina.core.StandardService   : Starting service [Tomcat]
2022-04-05 08:52:13.607  INFO 22032 --- [restartedMain] org.apache.catalina.core.StandardEngine  : Starting Servlet engine: [Apache Tomcat/9.0.60]
2022-04-05 08:52:13.645  INFO 22032 --- [restartedMain] o.a.c.c.C.[Tomcat].[localhost].[/]       : Initializing Spring embedded WebApplicationContext
2022-04-05 08:52:13.645  INFO 22032 --- [restartedMain] w.s.c.ServletWebServerApplicationContext : Root WebApplicationContext: initialization completed in 677 ms
2022-04-05 08:52:13.914  INFO 22032 --- [restartedMain] o.s.b.d.a.OptionalLiveReloadServer       : LiveReload server is running on port 35729
2022-04-05 08:52:13.936  INFO 22032 --- [restartedMain] o.s.b.w.embedded.tomcat.TomcatWebServer  : Tomcat started on port(s): 8080 (http) with context path ''
2022-04-05 08:52:13.944  INFO 22032 --- [restartedMain] c.s.w.c.SpringBootCrudApiApplication     : Started SpringBootCrudApiApplication in 1.28 seconds (JVM running for 1.757)
2022-04-05 08:56:51.933  INFO 22032 --- [http-nio-8080-exec-2] o.a.c.c.C.[Tomcat].[localhost].[/]       : Initializing Spring DispatcherServlet 'dispatcherServlet'
2022-04-05 08:56:51.933  INFO 22032 --- [http-nio-8080-exec-2] o.s.web.servlet.DispatcherServlet        : Initializing Servlet 'dispatcherServlet'
2022-04-05 08:56:51.934  INFO 22032 --- [http-nio-8080-exec-2] o.s.web.servlet.DispatcherServlet        : Completed initialization in 1 ms
2022-04-05 09:03:43.731  INFO 22032 --- [http-nio-8080-exec-5] com.zaxxer.hikari.HikariDataSource       : HikariPool-1 - Starting...
2022-04-05 09:03:43.967  INFO 22032 --- [http-nio-8080-exec-5] com.zaxxer.hikari.HikariDataSource       : HikariPool-1 - Start completed.
2022-04-05 09:22:31.972  WARN 22032 --- [http-nio-8080-exec-5] .w.s.m.s.DefaultHandlerExceptionResolver : Resolved [org.springframework.web.HttpMediaTypeNotSupportedException: Content type 'application/x-www-form-urlencoded;charset=UTF-8' not supported]
2022-04-05 09:22:40.319  WARN 22032 --- [http-nio-8080-exec-6] .w.s.m.s.DefaultHandlerExceptionResolver : Resolved [org.springframework.web.HttpMediaTypeNotSupportedException: Content type 'text/plain;charset=UTF-8' not supported]
2022-04-05 09:24:58.642  INFO 22032 --- [Thread-5] com.zaxxer.hikari.HikariDataSource       : HikariPool-1 - Shutdown initiated...
2022-04-05 09:24:58.648  INFO 22032 --- [Thread-5] com.zaxxer.hikari.HikariDataSource       : HikariPool-1 - Shutdown completed.
2022-04-05 09:24:58.705  INFO 22032 --- [restartedMain] c.s.w.c.SpringBootCrudApiApplication     : Starting SpringBootCrudApiApplication using Java 17.0.2 on LEONA with PID 22032 (D:\work\Mthree\eclipse-workspace\springBootCrudApi\target\classes started by Leona in D:\work\Mthree\eclipse-workspace\springBootCrudApi)
2022-04-05 09:24:58.705  INFO 22032 --- [restartedMain] c.s.w.c.SpringBootCrudApiApplication     : No active profile set, falling back to 1 default profile: "default"
2022-04-05 09:24:58.871  INFO 22032 --- [restartedMain] o.s.b.w.embedded.tomcat.TomcatWebServer  : Tomcat initialized with port(s): 8080 (http)
2022-04-05 09:24:58.871  INFO 22032 --- [restartedMain] o.apache.catalina.core.StandardService   : Starting service [Tomcat]
2022-04-05 09:24:58.871  INFO 22032 --- [restartedMain] org.apache.catalina.core.StandardEngine  : Starting Servlet engine: [Apache Tomcat/9.0.60]
2022-04-05 09:24:58.881  INFO 22032 --- [restartedMain] o.a.c.c.C.[Tomcat].[localhost].[/]       : Initializing Spring embedded WebApplicationContext
2022-04-05 09:24:58.881  INFO 22032 --- [restartedMain] w.s.c.ServletWebServerApplicationContext : Root WebApplicationContext: initialization completed in 174 ms
2022-04-05 09:24:58.887  WARN 22032 --- [restartedMain] ConfigServletWebServerApplicationContext : Exception encountered during context initialization - cancelling refresh attempt: org.springframework.beans.factory.BeanCreationException: Error creating bean with name 'workerController' defined in file [D:\work\Mthree\eclipse-workspace\springBootCrudApi\target\classes\com\springboot\workers\crudapi\controller\WorkerController.class]: Instantiation of bean failed; nested exception is org.springframework.beans.BeanInstantiationException: Failed to instantiate [com.springboot.workers.crudapi.controller.WorkerController]: Constructor threw exception; nested exception is java.lang.Error: Unresolved compilation problems: 
	Syntax error, insert "enum Identifier" to complete EnumHeader
	Syntax error, insert "EnumBody" to complete EnumDeclaration

2022-04-05 09:24:58.888  INFO 22032 --- [restartedMain] o.apache.catalina.core.StandardService   : Stopping service [Tomcat]
2022-04-05 09:24:58.892  INFO 22032 --- [restartedMain] ConditionEvaluationReportLoggingListener : 

Error starting ApplicationContext. To display the conditions report re-run your application with 'debug' enabled.
2022-04-05 09:24:58.911 ERROR 22032 --- [restartedMain] o.s.boot.SpringApplication               : Application run failed

org.springframework.beans.factory.BeanCreationException: Error creating bean with name 'workerController' defined in file [D:\work\Mthree\eclipse-workspace\springBootCrudApi\target\classes\com\springboot\workers\crudapi\controller\WorkerController.class]: Instantiation of bean failed; nested exception is org.springframework.beans.BeanInstantiationException: Failed to instantiate [com.springboot.workers.crudapi.controller.WorkerController]: Constructor threw exception; nested exception is java.lang.Error: Unresolved compilation problems: 
	Syntax error, insert "enum Identifier" to complete EnumHeader
	Syntax error, insert "EnumBody" to complete EnumDeclaration

	at org.springframework.beans.factory.support.AbstractAutowireCapableBeanFactory.instantiateBean(AbstractAutowireCapableBeanFactory.java:1334) ~[spring-beans-5.3.18.jar:5.3.18]
	at org.springframework.beans.factory.support.AbstractAutowireCapableBeanFactory.createBeanInstance(AbstractAutowireCapableBeanFactory.java:1232) ~[spring-beans-5.3.18.jar:5.3.18]
	at org.springframework.beans.factory.support.AbstractAutowireCapableBeanFactory.doCreateBean(AbstractAutowireCapableBeanFactory.java:582) ~[spring-beans-5.3.18.jar:5.3.18]
	at org.springframework.beans.factory.support.AbstractAutowireCapableBeanFactory.createBean(AbstractAutowireCapableBeanFactory.java:542) ~[spring-beans-5.3.18.jar:5.3.18]
	at org.springframework.beans.factory.support.AbstractBeanFactory.lambda$doGetBean$0(AbstractBeanFactory.java:335) ~[spring-beans-5.3.18.jar:5.3.18]
	at org.springframework.beans.factory.support.DefaultSingletonBeanRegistry.getSingleton(DefaultSingletonBeanRegistry.java:234) ~[spring-beans-5.3.18.jar:5.3.18]
	at org.springframework.beans.factory.support.AbstractBeanFactory.doGetBean(AbstractBeanFactory.java:333) ~[spring-beans-5.3.18.jar:5.3.18]
	at org.springframework.beans.factory.support.AbstractBeanFactory.getBean(AbstractBeanFactory.java:208) ~[spring-beans-5.3.18.jar:5.3.18]
	at org.springframework.beans.factory.support.DefaultListableBeanFactory.preInstantiateSingletons(DefaultListableBeanFactory.java:953) ~[spring-beans-5.3.18.jar:5.3.18]
	at org.springframework.context.support.AbstractApplicationContext.finishBeanFactoryInitialization(AbstractApplicationContext.java:918) ~[spring-context-5.3.18.jar:5.3.18]
	at org.springframework.context.support.AbstractApplicationContext.refresh(AbstractApplicationContext.java:583) ~[spring-context-5.3.18.jar:5.3.18]
	at org.springframework.boot.web.servlet.context.ServletWebServerApplicationContext.refresh(ServletWebServerApplicationContext.java:145) ~[spring-boot-2.6.6.jar:2.6.6]
	at org.springframework.boot.SpringApplication.refresh(SpringApplication.java:740) ~[spring-boot-2.6.6.jar:2.6.6]
	at org.springframework.boot.SpringApplication.refreshContext(SpringApplication.java:415) ~[spring-boot-2.6.6.jar:2.6.6]
	at org.springframework.boot.SpringApplication.run(SpringApplication.java:303) ~[spring-boot-2.6.6.jar:2.6.6]
	at org.springframework.boot.SpringApplication.run(SpringApplication.java:1312) ~[spring-boot-2.6.6.jar:2.6.6]
	at org.springframework.boot.SpringApplication.run(SpringApplication.java:1301) ~[spring-boot-2.6.6.jar:2.6.6]
	at com.springboot.workers.crudapi.SpringBootCrudApiApplication.main(SpringBootCrudApiApplication.java:10) ~[classes/:na]
	at java.base/jdk.internal.reflect.NativeMethodAccessorImpl.invoke0(Native Method) ~[na:na]
	at java.base/jdk.internal.reflect.NativeMethodAccessorImpl.invoke(NativeMethodAccessorImpl.java:77) ~[na:na]
	at java.base/jdk.internal.reflect.DelegatingMethodAccessorImpl.invoke(DelegatingMethodAccessorImpl.java:43) ~[na:na]
	at java.base/java.lang.reflect.Method.invoke(Method.java:568) ~[na:na]
	at org.springframework.boot.devtools.restart.RestartLauncher.run(RestartLauncher.java:49) ~[spring-boot-devtools-2.6.6.jar:2.6.6]
Caused by: org.springframework.beans.BeanInstantiationException: Failed to instantiate [com.springboot.workers.crudapi.controller.WorkerController]: Constructor threw exception; nested exception is java.lang.Error: Unresolved compilation problems: 
	Syntax error, insert "enum Identifier" to complete EnumHeader
	Syntax error, insert "EnumBody" to complete EnumDeclaration

	at org.springframework.beans.BeanUtils.instantiateClass(BeanUtils.java:224) ~[spring-beans-5.3.18.jar:5.3.18]
	at org.springframework.beans.factory.support.SimpleInstantiationStrategy.instantiate(SimpleInstantiationStrategy.java:87) ~[spring-beans-5.3.18.jar:5.3.18]
	at org.springframework.beans.factory.support.AbstractAutowireCapableBeanFactory.instantiateBean(AbstractAutowireCapableBeanFactory.java:1326) ~[spring-beans-5.3.18.jar:5.3.18]
	... 22 common frames omitted
Caused by: java.lang.Error: Unresolved compilation problems: 
	Syntax error, insert "enum Identifier" to complete EnumHeader
	Syntax error, insert "EnumBody" to complete EnumDeclaration

	at com.springboot.workers.crudapi.controller.WorkerController.<init>(WorkerController.java:62) ~[classes/:na]
	at java.base/jdk.internal.reflect.NativeConstructorAccessorImpl.newInstance0(Native Method) ~[na:na]
	at java.base/jdk.internal.reflect.NativeConstructorAccessorImpl.newInstance(NativeConstructorAccessorImpl.java:77) ~[na:na]
	at java.base/jdk.internal.reflect.DelegatingConstructorAccessorImpl.newInstance(DelegatingConstructorAccessorImpl.java:45) ~[na:na]
	at java.base/java.lang.reflect.Constructor.newInstanceWithCaller(Constructor.java:499) ~[na:na]
	at java.base/java.lang.reflect.Constructor.newInstance(Constructor.java:480) ~[na:na]
	at org.springframework.beans.BeanUtils.instantiateClass(BeanUtils.java:211) ~[spring-beans-5.3.18.jar:5.3.18]
	... 24 common frames omitted

2022-04-05 09:28:13.809  INFO 22032 --- [restartedMain] c.s.w.c.SpringBootCrudApiApplication     : Starting SpringBootCrudApiApplication using Java 17.0.2 on LEONA with PID 22032 (D:\work\Mthree\eclipse-workspace\springBootCrudApi\target\classes started by Leona in D:\work\Mthree\eclipse-workspace\springBootCrudApi)
2022-04-05 09:28:13.810  INFO 22032 --- [restartedMain] c.s.w.c.SpringBootCrudApiApplication     : No active profile set, falling back to 1 default profile: "default"
2022-04-05 09:28:13.946  INFO 22032 --- [restartedMain] o.s.b.w.embedded.tomcat.TomcatWebServer  : Tomcat initialized with port(s): 8080 (http)
2022-04-05 09:28:13.947  INFO 22032 --- [restartedMain] o.apache.catalina.core.StandardService   : Starting service [Tomcat]
2022-04-05 09:28:13.947  INFO 22032 --- [restartedMain] org.apache.catalina.core.StandardEngine  : Starting Servlet engine: [Apache Tomcat/9.0.60]
2022-04-05 09:28:13.957  INFO 22032 --- [restartedMain] o.a.c.c.C.[Tomcat-1].[localhost].[/]     : Initializing Spring embedded WebApplicationContext
2022-04-05 09:28:13.957  INFO 22032 --- [restartedMain] w.s.c.ServletWebServerApplicationContext : Root WebApplicationContext: initialization completed in 146 ms
2022-04-05 09:28:14.046  INFO 22032 --- [restartedMain] o.s.b.d.a.OptionalLiveReloadServer       : LiveReload server is running on port 35729
2022-04-05 09:28:14.061  INFO 22032 --- [restartedMain] o.s.b.w.embedded.tomcat.TomcatWebServer  : Tomcat started on port(s): 8080 (http) with context path ''
2022-04-05 09:28:14.065  INFO 22032 --- [restartedMain] c.s.w.c.SpringBootCrudApiApplication     : Started SpringBootCrudApiApplication in 0.273 seconds (JVM running for 2161.879)
2022-04-05 09:28:14.066  INFO 22032 --- [restartedMain] .ConditionEvaluationDeltaLoggingListener : Condition evaluation unchanged
2022-04-05 09:31:29.185  INFO 22032 --- [restartedMain] c.s.w.c.SpringBootCrudApiApplication     : Starting SpringBootCrudApiApplication using Java 17.0.2 on LEONA with PID 22032 (D:\work\Mthree\eclipse-workspace\springBootCrudApi\target\classes started by Leona in D:\work\Mthree\eclipse-workspace\springBootCrudApi)
2022-04-05 09:31:29.185  INFO 22032 --- [restartedMain] c.s.w.c.SpringBootCrudApiApplication     : No active profile set, falling back to 1 default profile: "default"
2022-04-05 09:31:29.307  INFO 22032 --- [restartedMain] o.s.b.w.embedded.tomcat.TomcatWebServer  : Tomcat initialized with port(s): 8080 (http)
2022-04-05 09:31:29.308  INFO 22032 --- [restartedMain] o.apache.catalina.core.StandardService   : Starting service [Tomcat]
2022-04-05 09:31:29.308  INFO 22032 --- [restartedMain] org.apache.catalina.core.StandardEngine  : Starting Servlet engine: [Apache Tomcat/9.0.60]
2022-04-05 09:31:29.317  INFO 22032 --- [restartedMain] o.a.c.c.C.[Tomcat-1].[localhost].[/]     : Initializing Spring embedded WebApplicationContext
2022-04-05 09:31:29.317  INFO 22032 --- [restartedMain] w.s.c.ServletWebServerApplicationContext : Root WebApplicationContext: initialization completed in 130 ms
2022-04-05 09:31:29.391  INFO 22032 --- [restartedMain] o.s.b.d.a.OptionalLiveReloadServer       : LiveReload server is running on port 35729
2022-04-05 09:31:29.400  INFO 22032 --- [restartedMain] o.s.b.w.embedded.tomcat.TomcatWebServer  : Tomcat started on port(s): 8080 (http) with context path ''
2022-04-05 09:31:29.402  INFO 22032 --- [restartedMain] c.s.w.c.SpringBootCrudApiApplication     : Started SpringBootCrudApiApplication in 0.235 seconds (JVM running for 2357.216)
2022-04-05 09:31:29.403  INFO 22032 --- [restartedMain] .ConditionEvaluationDeltaLoggingListener : Condition evaluation unchanged
2022-04-05 09:33:09.192  INFO 22032 --- [restartedMain] c.s.w.c.SpringBootCrudApiApplication     : Starting SpringBootCrudApiApplication using Java 17.0.2 on LEONA with PID 22032 (D:\work\Mthree\eclipse-workspace\springBootCrudApi\target\classes started by Leona in D:\work\Mthree\eclipse-workspace\springBootCrudApi)
2022-04-05 09:33:09.193  INFO 22032 --- [restartedMain] c.s.w.c.SpringBootCrudApiApplication     : No active profile set, falling back to 1 default profile: "default"
2022-04-05 09:33:09.301  INFO 22032 --- [restartedMain] o.s.b.w.embedded.tomcat.TomcatWebServer  : Tomcat initialized with port(s): 8080 (http)
2022-04-05 09:33:09.302  INFO 22032 --- [restartedMain] o.apache.catalina.core.StandardService   : Starting service [Tomcat]
2022-04-05 09:33:09.302  INFO 22032 --- [restartedMain] org.apache.catalina.core.StandardEngine  : Starting Servlet engine: [Apache Tomcat/9.0.60]
2022-04-05 09:33:09.311  INFO 22032 --- [restartedMain] o.a.c.c.C.[Tomcat-1].[localhost].[/]     : Initializing Spring embedded WebApplicationContext
2022-04-05 09:33:09.311  INFO 22032 --- [restartedMain] w.s.c.ServletWebServerApplicationContext : Root WebApplicationContext: initialization completed in 117 ms
2022-04-05 09:33:09.386  INFO 22032 --- [restartedMain] o.s.b.d.a.OptionalLiveReloadServer       : LiveReload server is running on port 35729
2022-04-05 09:33:09.395  INFO 22032 --- [restartedMain] o.s.b.w.embedded.tomcat.TomcatWebServer  : Tomcat started on port(s): 8080 (http) with context path ''
2022-04-05 09:33:09.398  INFO 22032 --- [restartedMain] c.s.w.c.SpringBootCrudApiApplication     : Started SpringBootCrudApiApplication in 0.219 seconds (JVM running for 2457.211)
2022-04-05 09:33:09.399  INFO 22032 --- [restartedMain] .ConditionEvaluationDeltaLoggingListener : Condition evaluation unchanged
2022-04-05 09:33:32.165  INFO 22032 --- [restartedMain] c.s.w.c.SpringBootCrudApiApplication     : Starting SpringBootCrudApiApplication using Java 17.0.2 on LEONA with PID 22032 (D:\work\Mthree\eclipse-workspace\springBootCrudApi\target\classes started by Leona in D:\work\Mthree\eclipse-workspace\springBootCrudApi)
2022-04-05 09:33:32.165  INFO 22032 --- [restartedMain] c.s.w.c.SpringBootCrudApiApplication     : No active profile set, falling back to 1 default profile: "default"
2022-04-05 09:33:32.279  INFO 22032 --- [restartedMain] o.s.b.w.embedded.tomcat.TomcatWebServer  : Tomcat initialized with port(s): 8080 (http)
2022-04-05 09:33:32.279  INFO 22032 --- [restartedMain] o.apache.catalina.core.StandardService   : Starting service [Tomcat]
2022-04-05 09:33:32.279  INFO 22032 --- [restartedMain] org.apache.catalina.core.StandardEngine  : Starting Servlet engine: [Apache Tomcat/9.0.60]
2022-04-05 09:33:32.289  INFO 22032 --- [restartedMain] o.a.c.c.C.[Tomcat-1].[localhost].[/]     : Initializing Spring embedded WebApplicationContext
2022-04-05 09:33:32.289  INFO 22032 --- [restartedMain] w.s.c.ServletWebServerApplicationContext : Root WebApplicationContext: initialization completed in 122 ms
2022-04-05 09:33:32.354  INFO 22032 --- [restartedMain] o.s.b.d.a.OptionalLiveReloadServer       : LiveReload server is running on port 35729
2022-04-05 09:33:32.360  INFO 22032 --- [restartedMain] o.s.b.w.embedded.tomcat.TomcatWebServer  : Tomcat started on port(s): 8080 (http) with context path ''
2022-04-05 09:33:32.363  INFO 22032 --- [restartedMain] c.s.w.c.SpringBootCrudApiApplication     : Started SpringBootCrudApiApplication in 0.21 seconds (JVM running for 2480.176)
2022-04-05 09:33:32.363  INFO 22032 --- [restartedMain] .ConditionEvaluationDeltaLoggingListener : Condition evaluation unchanged
2022-04-05 09:34:33.068  INFO 22032 --- [restartedMain] c.s.w.c.SpringBootCrudApiApplication     : Starting SpringBootCrudApiApplication using Java 17.0.2 on LEONA with PID 22032 (D:\work\Mthree\eclipse-workspace\springBootCrudApi\target\classes started by Leona in D:\work\Mthree\eclipse-workspace\springBootCrudApi)
2022-04-05 09:34:33.069  INFO 22032 --- [restartedMain] c.s.w.c.SpringBootCrudApiApplication     : No active profile set, falling back to 1 default profile: "default"
2022-04-05 09:34:33.183  INFO 22032 --- [restartedMain] o.s.b.w.embedded.tomcat.TomcatWebServer  : Tomcat initialized with port(s): 8080 (http)
2022-04-05 09:34:33.184  INFO 22032 --- [restartedMain] o.apache.catalina.core.StandardService   : Starting service [Tomcat]
2022-04-05 09:34:33.184  INFO 22032 --- [restartedMain] org.apache.catalina.core.StandardEngine  : Starting Servlet engine: [Apache Tomcat/9.0.60]
2022-04-05 09:34:33.195  INFO 22032 --- [restartedMain] o.a.c.c.C.[Tomcat-1].[localhost].[/]     : Initializing Spring embedded WebApplicationContext
2022-04-05 09:34:33.195  INFO 22032 --- [restartedMain] w.s.c.ServletWebServerApplicationContext : Root WebApplicationContext: initialization completed in 125 ms
2022-04-05 09:34:33.262  INFO 22032 --- [restartedMain] o.s.b.d.a.OptionalLiveReloadServer       : LiveReload server is running on port 35729
2022-04-05 09:34:33.268  INFO 22032 --- [restartedMain] o.s.b.w.embedded.tomcat.TomcatWebServer  : Tomcat started on port(s): 8080 (http) with context path ''
2022-04-05 09:34:33.270  INFO 22032 --- [restartedMain] c.s.w.c.SpringBootCrudApiApplication     : Started SpringBootCrudApiApplication in 0.217 seconds (JVM running for 2541.084)
2022-04-05 09:34:33.271  INFO 22032 --- [restartedMain] .ConditionEvaluationDeltaLoggingListener : Condition evaluation unchanged
2022-04-05 09:34:51.977  INFO 22032 --- [restartedMain] c.s.w.c.SpringBootCrudApiApplication     : Starting SpringBootCrudApiApplication using Java 17.0.2 on LEONA with PID 22032 (D:\work\Mthree\eclipse-workspace\springBootCrudApi\target\classes started by Leona in D:\work\Mthree\eclipse-workspace\springBootCrudApi)
2022-04-05 09:34:51.977  INFO 22032 --- [restartedMain] c.s.w.c.SpringBootCrudApiApplication     : No active profile set, falling back to 1 default profile: "default"
2022-04-05 09:34:52.083  INFO 22032 --- [restartedMain] o.s.b.w.embedded.tomcat.TomcatWebServer  : Tomcat initialized with port(s): 8080 (http)
2022-04-05 09:34:52.084  INFO 22032 --- [restartedMain] o.apache.catalina.core.StandardService   : Starting service [Tomcat]
2022-04-05 09:34:52.084  INFO 22032 --- [restartedMain] org.apache.catalina.core.StandardEngine  : Starting Servlet engine: [Apache Tomcat/9.0.60]
2022-04-05 09:34:52.092  INFO 22032 --- [restartedMain] o.a.c.c.C.[Tomcat-1].[localhost].[/]     : Initializing Spring embedded WebApplicationContext
2022-04-05 09:34:52.092  INFO 22032 --- [restartedMain] w.s.c.ServletWebServerApplicationContext : Root WebApplicationContext: initialization completed in 114 ms
2022-04-05 09:34:52.163  INFO 22032 --- [restartedMain] o.s.b.d.a.OptionalLiveReloadServer       : LiveReload server is running on port 35729
2022-04-05 09:34:52.168  INFO 22032 --- [restartedMain] o.s.b.w.embedded.tomcat.TomcatWebServer  : Tomcat started on port(s): 8080 (http) with context path ''
2022-04-05 09:34:52.171  INFO 22032 --- [restartedMain] c.s.w.c.SpringBootCrudApiApplication     : Started SpringBootCrudApiApplication in 0.207 seconds (JVM running for 2559.985)
2022-04-05 09:34:52.172  INFO 22032 --- [restartedMain] .ConditionEvaluationDeltaLoggingListener : Condition evaluation unchanged
2022-04-05 09:34:56.475  INFO 22032 --- [http-nio-8080-exec-2] o.a.c.c.C.[Tomcat-1].[localhost].[/]     : Initializing Spring DispatcherServlet 'dispatcherServlet'
2022-04-05 09:34:56.476  INFO 22032 --- [http-nio-8080-exec-2] o.s.web.servlet.DispatcherServlet        : Initializing Servlet 'dispatcherServlet'
2022-04-05 09:34:56.476  INFO 22032 --- [http-nio-8080-exec-2] o.s.web.servlet.DispatcherServlet        : Completed initialization in 0 ms
2022-04-05 09:34:56.478  WARN 22032 --- [http-nio-8080-exec-2] .w.s.m.s.DefaultHandlerExceptionResolver : Resolved [org.springframework.web.HttpMediaTypeNotSupportedException: Content type 'application/x-www-form-urlencoded;charset=UTF-8' not supported]
2022-04-05 09:35:46.050  INFO 22032 --- [http-nio-8080-exec-3] com.zaxxer.hikari.HikariDataSource       : HikariPool-2 - Starting...
2022-04-05 09:35:46.067  INFO 22032 --- [http-nio-8080-exec-3] com.zaxxer.hikari.HikariDataSource       : HikariPool-2 - Start completed.
2022-04-05 09:46:26.609  INFO 22032 --- [Thread-30] com.zaxxer.hikari.HikariDataSource       : HikariPool-2 - Shutdown initiated...
2022-04-05 09:46:26.616  INFO 22032 --- [Thread-30] com.zaxxer.hikari.HikariDataSource       : HikariPool-2 - Shutdown completed.
2022-04-05 09:46:26.708  INFO 22032 --- [restartedMain] c.s.w.c.SpringBootCrudApiApplication     : Starting SpringBootCrudApiApplication using Java 17.0.2 on LEONA with PID 22032 (D:\work\Mthree\eclipse-workspace\springBootCrudApi\target\classes started by Leona in D:\work\Mthree\eclipse-workspace\springBootCrudApi)
2022-04-05 09:46:26.709  INFO 22032 --- [restartedMain] c.s.w.c.SpringBootCrudApiApplication     : No active profile set, falling back to 1 default profile: "default"
2022-04-05 09:46:26.866  INFO 22032 --- [restartedMain] o.s.b.w.embedded.tomcat.TomcatWebServer  : Tomcat initialized with port(s): 8080 (http)
2022-04-05 09:46:26.867  INFO 22032 --- [restartedMain] o.apache.catalina.core.StandardService   : Starting service [Tomcat]
2022-04-05 09:46:26.867  INFO 22032 --- [restartedMain] org.apache.catalina.core.StandardEngine  : Starting Servlet engine: [Apache Tomcat/9.0.60]
2022-04-05 09:46:26.875  INFO 22032 --- [restartedMain] o.a.c.c.C.[Tomcat-1].[localhost].[/]     : Initializing Spring embedded WebApplicationContext
2022-04-05 09:46:26.876  INFO 22032 --- [restartedMain] w.s.c.ServletWebServerApplicationContext : Root WebApplicationContext: initialization completed in 166 ms
2022-04-05 09:46:27.003  INFO 22032 --- [restartedMain] o.s.b.d.a.OptionalLiveReloadServer       : LiveReload server is running on port 35729
2022-04-05 09:46:27.010  INFO 22032 --- [restartedMain] o.s.b.w.embedded.tomcat.TomcatWebServer  : Tomcat started on port(s): 8080 (http) with context path ''
2022-04-05 09:46:27.013  INFO 22032 --- [restartedMain] c.s.w.c.SpringBootCrudApiApplication     : Started SpringBootCrudApiApplication in 0.343 seconds (JVM running for 3254.827)
2022-04-05 09:46:27.014  INFO 22032 --- [restartedMain] .ConditionEvaluationDeltaLoggingListener : Condition evaluation unchanged
2022-04-05 09:47:04.986  INFO 22032 --- [restartedMain] c.s.w.c.SpringBootCrudApiApplication     : Starting SpringBootCrudApiApplication using Java 17.0.2 on LEONA with PID 22032 (D:\work\Mthree\eclipse-workspace\springBootCrudApi\target\classes started by Leona in D:\work\Mthree\eclipse-workspace\springBootCrudApi)
2022-04-05 09:47:04.987  INFO 22032 --- [restartedMain] c.s.w.c.SpringBootCrudApiApplication     : No active profile set, falling back to 1 default profile: "default"
2022-04-05 09:47:05.113  INFO 22032 --- [restartedMain] o.s.b.w.embedded.tomcat.TomcatWebServer  : Tomcat initialized with port(s): 8080 (http)
2022-04-05 09:47:05.114  INFO 22032 --- [restartedMain] o.apache.catalina.core.StandardService   : Starting service [Tomcat]
2022-04-05 09:47:05.114  INFO 22032 --- [restartedMain] org.apache.catalina.core.StandardEngine  : Starting Servlet engine: [Apache Tomcat/9.0.60]
2022-04-05 09:47:05.124  INFO 22032 --- [restartedMain] o.a.c.c.C.[Tomcat-1].[localhost].[/]     : Initializing Spring embedded WebApplicationContext
2022-04-05 09:47:05.124  INFO 22032 --- [restartedMain] w.s.c.ServletWebServerApplicationContext : Root WebApplicationContext: initialization completed in 136 ms
2022-04-05 09:47:05.210  INFO 22032 --- [restartedMain] o.s.b.d.a.OptionalLiveReloadServer       : LiveReload server is running on port 35729
2022-04-05 09:47:05.217  INFO 22032 --- [restartedMain] o.s.b.w.embedded.tomcat.TomcatWebServer  : Tomcat started on port(s): 8080 (http) with context path ''
2022-04-05 09:47:05.219  INFO 22032 --- [restartedMain] c.s.w.c.SpringBootCrudApiApplication     : Started SpringBootCrudApiApplication in 0.25 seconds (JVM running for 3293.033)
2022-04-05 09:47:05.220  INFO 22032 --- [restartedMain] .ConditionEvaluationDeltaLoggingListener : Condition evaluation unchanged
2022-04-05 09:47:10.839  INFO 22032 --- [http-nio-8080-exec-2] o.a.c.c.C.[Tomcat-1].[localhost].[/]     : Initializing Spring DispatcherServlet 'dispatcherServlet'
2022-04-05 09:47:10.839  INFO 22032 --- [http-nio-8080-exec-2] o.s.web.servlet.DispatcherServlet        : Initializing Servlet 'dispatcherServlet'
2022-04-05 09:47:10.840  INFO 22032 --- [http-nio-8080-exec-2] o.s.web.servlet.DispatcherServlet        : Completed initialization in 0 ms
2022-04-05 09:47:10.843  WARN 22032 --- [http-nio-8080-exec-2] .w.s.m.s.DefaultHandlerExceptionResolver : Resolved [org.springframework.web.HttpMediaTypeNotSupportedException: Content type 'application/x-www-form-urlencoded;charset=UTF-8' not supported]
2022-04-05 09:47:24.814  INFO 22032 --- [http-nio-8080-exec-3] com.zaxxer.hikari.HikariDataSource       : HikariPool-3 - Starting...
2022-04-05 09:47:24.832  INFO 22032 --- [http-nio-8080-exec-3] com.zaxxer.hikari.HikariDataSource       : HikariPool-3 - Start completed.
2022-04-05 09:49:20.880 ERROR 22032 --- [http-nio-8080-exec-7] o.a.c.c.C.[.[.[/].[dispatcherServlet]    : Servlet.service() for servlet [dispatcherServlet] in context with path [] threw exception [Request processing failed; nested exception is java.lang.NumberFormatException: Cannot parse null string] with root cause

java.lang.NumberFormatException: Cannot parse null string
	at java.base/java.lang.Integer.parseInt(Integer.java:630) ~[na:na]
	at java.base/java.lang.Integer.parseInt(Integer.java:786) ~[na:na]
	at com.springboot.workers.crudapi.controller.WorkerController.createForm(WorkerController.java:69) ~[classes/:na]
	at java.base/jdk.internal.reflect.NativeMethodAccessorImpl.invoke0(Native Method) ~[na:na]
	at java.base/jdk.internal.reflect.NativeMethodAccessorImpl.invoke(NativeMethodAccessorImpl.java:77) ~[na:na]
	at java.base/jdk.internal.reflect.DelegatingMethodAccessorImpl.invoke(DelegatingMethodAccessorImpl.java:43) ~[na:na]
	at java.base/java.lang.reflect.Method.invoke(Method.java:568) ~[na:na]
	at org.springframework.web.method.support.InvocableHandlerMethod.doInvoke(InvocableHandlerMethod.java:205) ~[spring-web-5.3.18.jar:5.3.18]
	at org.springframework.web.method.support.InvocableHandlerMethod.invokeForRequest(InvocableHandlerMethod.java:150) ~[spring-web-5.3.18.jar:5.3.18]
	at org.springframework.web.servlet.mvc.method.annotation.ServletInvocableHandlerMethod.invokeAndHandle(ServletInvocableHandlerMethod.java:117) ~[spring-webmvc-5.3.18.jar:5.3.18]
	at org.springframework.web.servlet.mvc.method.annotation.RequestMappingHandlerAdapter.invokeHandlerMethod(RequestMappingHandlerAdapter.java:895) ~[spring-webmvc-5.3.18.jar:5.3.18]
	at org.springframework.web.servlet.mvc.method.annotation.RequestMappingHandlerAdapter.handleInternal(RequestMappingHandlerAdapter.java:808) ~[spring-webmvc-5.3.18.jar:5.3.18]
	at org.springframework.web.servlet.mvc.method.AbstractHandlerMethodAdapter.handle(AbstractHandlerMethodAdapter.java:87) ~[spring-webmvc-5.3.18.jar:5.3.18]
	at org.springframework.web.servlet.DispatcherServlet.doDispatch(DispatcherServlet.java:1067) ~[spring-webmvc-5.3.18.jar:5.3.18]
	at org.springframework.web.servlet.DispatcherServlet.doService(DispatcherServlet.java:963) ~[spring-webmvc-5.3.18.jar:5.3.18]
	at org.springframework.web.servlet.FrameworkServlet.processRequest(FrameworkServlet.java:1006) ~[spring-webmvc-5.3.18.jar:5.3.18]
	at org.springframework.web.servlet.FrameworkServlet.doPost(FrameworkServlet.java:909) ~[spring-webmvc-5.3.18.jar:5.3.18]
	at javax.servlet.http.HttpServlet.service(HttpServlet.java:681) ~[tomcat-embed-core-9.0.60.jar:4.0.FR]
	at org.springframework.web.servlet.FrameworkServlet.service(FrameworkServlet.java:883) ~[spring-webmvc-5.3.18.jar:5.3.18]
	at javax.servlet.http.HttpServlet.service(HttpServlet.java:764) ~[tomcat-embed-core-9.0.60.jar:4.0.FR]
	at org.apache.catalina.core.ApplicationFilterChain.internalDoFilter(ApplicationFilterChain.java:227) ~[tomcat-embed-core-9.0.60.jar:9.0.60]
	at org.apache.catalina.core.ApplicationFilterChain.doFilter(ApplicationFilterChain.java:162) ~[tomcat-embed-core-9.0.60.jar:9.0.60]
	at org.apache.tomcat.websocket.server.WsFilter.doFilter(WsFilter.java:53) ~[tomcat-embed-websocket-9.0.60.jar:9.0.60]
	at org.apache.catalina.core.ApplicationFilterChain.internalDoFilter(ApplicationFilterChain.java:189) ~[tomcat-embed-core-9.0.60.jar:9.0.60]
	at org.apache.catalina.core.ApplicationFilterChain.doFilter(ApplicationFilterChain.java:162) ~[tomcat-embed-core-9.0.60.jar:9.0.60]
	at org.springframework.web.filter.RequestContextFilter.doFilterInternal(RequestContextFilter.java:100) ~[spring-web-5.3.18.jar:5.3.18]
	at org.springframework.web.filter.OncePerRequestFilter.doFilter(OncePerRequestFilter.java:117) ~[spring-web-5.3.18.jar:5.3.18]
	at org.apache.catalina.core.ApplicationFilterChain.internalDoFilter(ApplicationFilterChain.java:189) ~[tomcat-embed-core-9.0.60.jar:9.0.60]
	at org.apache.catalina.core.ApplicationFilterChain.doFilter(ApplicationFilterChain.java:162) ~[tomcat-embed-core-9.0.60.jar:9.0.60]
	at org.springframework.web.filter.FormContentFilter.doFilterInternal(FormContentFilter.java:93) ~[spring-web-5.3.18.jar:5.3.18]
	at org.springframework.web.filter.OncePerRequestFilter.doFilter(OncePerRequestFilter.java:117) ~[spring-web-5.3.18.jar:5.3.18]
	at org.apache.catalina.core.ApplicationFilterChain.internalDoFilter(ApplicationFilterChain.java:189) ~[tomcat-embed-core-9.0.60.jar:9.0.60]
	at org.apache.catalina.core.ApplicationFilterChain.doFilter(ApplicationFilterChain.java:162) ~[tomcat-embed-core-9.0.60.jar:9.0.60]
	at org.springframework.web.filter.CharacterEncodingFilter.doFilterInternal(CharacterEncodingFilter.java:201) ~[spring-web-5.3.18.jar:5.3.18]
	at org.springframework.web.filter.OncePerRequestFilter.doFilter(OncePerRequestFilter.java:117) ~[spring-web-5.3.18.jar:5.3.18]
	at org.apache.catalina.core.ApplicationFilterChain.internalDoFilter(ApplicationFilterChain.java:189) ~[tomcat-embed-core-9.0.60.jar:9.0.60]
	at org.apache.catalina.core.ApplicationFilterChain.doFilter(ApplicationFilterChain.java:162) ~[tomcat-embed-core-9.0.60.jar:9.0.60]
	at org.apache.catalina.core.StandardWrapperValve.invoke(StandardWrapperValve.java:197) ~[tomcat-embed-core-9.0.60.jar:9.0.60]
	at org.apache.catalina.core.StandardContextValve.invoke(StandardContextValve.java:97) ~[tomcat-embed-core-9.0.60.jar:9.0.60]
	at org.apache.catalina.authenticator.AuthenticatorBase.invoke(AuthenticatorBase.java:541) ~[tomcat-embed-core-9.0.60.jar:9.0.60]
	at org.apache.catalina.core.StandardHostValve.invoke(StandardHostValve.java:135) ~[tomcat-embed-core-9.0.60.jar:9.0.60]
	at org.apache.catalina.valves.ErrorReportValve.invoke(ErrorReportValve.java:92) ~[tomcat-embed-core-9.0.60.jar:9.0.60]
	at org.apache.catalina.core.StandardEngineValve.invoke(StandardEngineValve.java:78) ~[tomcat-embed-core-9.0.60.jar:9.0.60]
	at org.apache.catalina.connector.CoyoteAdapter.service(CoyoteAdapter.java:360) ~[tomcat-embed-core-9.0.60.jar:9.0.60]
	at org.apache.coyote.http11.Http11Processor.service(Http11Processor.java:399) ~[tomcat-embed-core-9.0.60.jar:9.0.60]
	at org.apache.coyote.AbstractProcessorLight.process(AbstractProcessorLight.java:65) ~[tomcat-embed-core-9.0.60.jar:9.0.60]
	at org.apache.coyote.AbstractProtocol$ConnectionHandler.process(AbstractProtocol.java:889) ~[tomcat-embed-core-9.0.60.jar:9.0.60]
	at org.apache.tomcat.util.net.NioEndpoint$SocketProcessor.doRun(NioEndpoint.java:1743) ~[tomcat-embed-core-9.0.60.jar:9.0.60]
	at org.apache.tomcat.util.net.SocketProcessorBase.run(SocketProcessorBase.java:49) ~[tomcat-embed-core-9.0.60.jar:9.0.60]
	at org.apache.tomcat.util.threads.ThreadPoolExecutor.runWorker(ThreadPoolExecutor.java:1191) ~[tomcat-embed-core-9.0.60.jar:9.0.60]
	at org.apache.tomcat.util.threads.ThreadPoolExecutor$Worker.run(ThreadPoolExecutor.java:659) ~[tomcat-embed-core-9.0.60.jar:9.0.60]
	at org.apache.tomcat.util.threads.TaskThread$WrappingRunnable.run(TaskThread.java:61) ~[tomcat-embed-core-9.0.60.jar:9.0.60]
	at java.base/java.lang.Thread.run(Thread.java:833) ~[na:na]

2022-04-05 09:50:00.330  INFO 22032 --- [Thread-38] com.zaxxer.hikari.HikariDataSource       : HikariPool-3 - Shutdown initiated...
2022-04-05 09:50:00.343  INFO 22032 --- [Thread-38] com.zaxxer.hikari.HikariDataSource       : HikariPool-3 - Shutdown completed.
2022-04-05 09:50:00.414  INFO 22032 --- [restartedMain] c.s.w.c.SpringBootCrudApiApplication     : Starting SpringBootCrudApiApplication using Java 17.0.2 on LEONA with PID 22032 (D:\work\Mthree\eclipse-workspace\springBootCrudApi\target\classes started by Leona in D:\work\Mthree\eclipse-workspace\springBootCrudApi)
2022-04-05 09:50:00.414  INFO 22032 --- [restartedMain] c.s.w.c.SpringBootCrudApiApplication     : No active profile set, falling back to 1 default profile: "default"
2022-04-05 09:50:00.581  INFO 22032 --- [restartedMain] o.s.b.w.embedded.tomcat.TomcatWebServer  : Tomcat initialized with port(s): 8080 (http)
2022-04-05 09:50:00.582  INFO 22032 --- [restartedMain] o.apache.catalina.core.StandardService   : Starting service [Tomcat]
2022-04-05 09:50:00.582  INFO 22032 --- [restartedMain] org.apache.catalina.core.StandardEngine  : Starting Servlet engine: [Apache Tomcat/9.0.60]
2022-04-05 09:50:00.600  INFO 22032 --- [restartedMain] o.a.c.c.C.[Tomcat-1].[localhost].[/]     : Initializing Spring embedded WebApplicationContext
2022-04-05 09:50:00.600  INFO 22032 --- [restartedMain] w.s.c.ServletWebServerApplicationContext : Root WebApplicationContext: initialization completed in 184 ms
2022-04-05 09:50:00.677  INFO 22032 --- [restartedMain] o.s.b.d.a.OptionalLiveReloadServer       : LiveReload server is running on port 35729
2022-04-05 09:50:00.684  INFO 22032 --- [restartedMain] o.s.b.w.embedded.tomcat.TomcatWebServer  : Tomcat started on port(s): 8080 (http) with context path ''
2022-04-05 09:50:00.690  INFO 22032 --- [restartedMain] c.s.w.c.SpringBootCrudApiApplication     : Started SpringBootCrudApiApplication in 0.296 seconds (JVM running for 3468.504)
2022-04-05 09:50:00.692  INFO 22032 --- [restartedMain] .ConditionEvaluationDeltaLoggingListener : Condition evaluation unchanged
2022-04-05 09:50:07.522  INFO 22032 --- [http-nio-8080-exec-1] o.a.c.c.C.[Tomcat-1].[localhost].[/]     : Initializing Spring DispatcherServlet 'dispatcherServlet'
2022-04-05 09:50:07.523  INFO 22032 --- [http-nio-8080-exec-1] o.s.web.servlet.DispatcherServlet        : Initializing Servlet 'dispatcherServlet'
2022-04-05 09:50:07.525  INFO 22032 --- [http-nio-8080-exec-1] o.s.web.servlet.DispatcherServlet        : Completed initialization in 2 ms
2022-04-05 09:50:07.529 ERROR 22032 --- [http-nio-8080-exec-1] o.a.c.c.C.[.[.[/].[dispatcherServlet]    : Servlet.service() for servlet [dispatcherServlet] in context with path [] threw exception [Request processing failed; nested exception is java.lang.NumberFormatException: Cannot parse null string] with root cause

java.lang.NumberFormatException: Cannot parse null string
	at java.base/java.lang.Integer.parseInt(Integer.java:630) ~[na:na]
	at java.base/java.lang.Integer.parseInt(Integer.java:786) ~[na:na]
	at com.springboot.workers.crudapi.controller.WorkerController.createForm(WorkerController.java:69) ~[classes/:na]
	at java.base/jdk.internal.reflect.NativeMethodAccessorImpl.invoke0(Native Method) ~[na:na]
	at java.base/jdk.internal.reflect.NativeMethodAccessorImpl.invoke(NativeMethodAccessorImpl.java:77) ~[na:na]
	at java.base/jdk.internal.reflect.DelegatingMethodAccessorImpl.invoke(DelegatingMethodAccessorImpl.java:43) ~[na:na]
	at java.base/java.lang.reflect.Method.invoke(Method.java:568) ~[na:na]
	at org.springframework.web.method.support.InvocableHandlerMethod.doInvoke(InvocableHandlerMethod.java:205) ~[spring-web-5.3.18.jar:5.3.18]
	at org.springframework.web.method.support.InvocableHandlerMethod.invokeForRequest(InvocableHandlerMethod.java:150) ~[spring-web-5.3.18.jar:5.3.18]
	at org.springframework.web.servlet.mvc.method.annotation.ServletInvocableHandlerMethod.invokeAndHandle(ServletInvocableHandlerMethod.java:117) ~[spring-webmvc-5.3.18.jar:5.3.18]
	at org.springframework.web.servlet.mvc.method.annotation.RequestMappingHandlerAdapter.invokeHandlerMethod(RequestMappingHandlerAdapter.java:895) ~[spring-webmvc-5.3.18.jar:5.3.18]
	at org.springframework.web.servlet.mvc.method.annotation.RequestMappingHandlerAdapter.handleInternal(RequestMappingHandlerAdapter.java:808) ~[spring-webmvc-5.3.18.jar:5.3.18]
	at org.springframework.web.servlet.mvc.method.AbstractHandlerMethodAdapter.handle(AbstractHandlerMethodAdapter.java:87) ~[spring-webmvc-5.3.18.jar:5.3.18]
	at org.springframework.web.servlet.DispatcherServlet.doDispatch(DispatcherServlet.java:1067) ~[spring-webmvc-5.3.18.jar:5.3.18]
	at org.springframework.web.servlet.DispatcherServlet.doService(DispatcherServlet.java:963) ~[spring-webmvc-5.3.18.jar:5.3.18]
	at org.springframework.web.servlet.FrameworkServlet.processRequest(FrameworkServlet.java:1006) ~[spring-webmvc-5.3.18.jar:5.3.18]
	at org.springframework.web.servlet.FrameworkServlet.doPost(FrameworkServlet.java:909) ~[spring-webmvc-5.3.18.jar:5.3.18]
	at javax.servlet.http.HttpServlet.service(HttpServlet.java:681) ~[tomcat-embed-core-9.0.60.jar:4.0.FR]
	at org.springframework.web.servlet.FrameworkServlet.service(FrameworkServlet.java:883) ~[spring-webmvc-5.3.18.jar:5.3.18]
	at javax.servlet.http.HttpServlet.service(HttpServlet.java:764) ~[tomcat-embed-core-9.0.60.jar:4.0.FR]
	at org.apache.catalina.core.ApplicationFilterChain.internalDoFilter(ApplicationFilterChain.java:227) ~[tomcat-embed-core-9.0.60.jar:9.0.60]
	at org.apache.catalina.core.ApplicationFilterChain.doFilter(ApplicationFilterChain.java:162) ~[tomcat-embed-core-9.0.60.jar:9.0.60]
	at org.apache.tomcat.websocket.server.WsFilter.doFilter(WsFilter.java:53) ~[tomcat-embed-websocket-9.0.60.jar:9.0.60]
	at org.apache.catalina.core.ApplicationFilterChain.internalDoFilter(ApplicationFilterChain.java:189) ~[tomcat-embed-core-9.0.60.jar:9.0.60]
	at org.apache.catalina.core.ApplicationFilterChain.doFilter(ApplicationFilterChain.java:162) ~[tomcat-embed-core-9.0.60.jar:9.0.60]
	at org.springframework.web.filter.RequestContextFilter.doFilterInternal(RequestContextFilter.java:100) ~[spring-web-5.3.18.jar:5.3.18]
	at org.springframework.web.filter.OncePerRequestFilter.doFilter(OncePerRequestFilter.java:117) ~[spring-web-5.3.18.jar:5.3.18]
	at org.apache.catalina.core.ApplicationFilterChain.internalDoFilter(ApplicationFilterChain.java:189) ~[tomcat-embed-core-9.0.60.jar:9.0.60]
	at org.apache.catalina.core.ApplicationFilterChain.doFilter(ApplicationFilterChain.java:162) ~[tomcat-embed-core-9.0.60.jar:9.0.60]
	at org.springframework.web.filter.FormContentFilter.doFilterInternal(FormContentFilter.java:93) ~[spring-web-5.3.18.jar:5.3.18]
	at org.springframework.web.filter.OncePerRequestFilter.doFilter(OncePerRequestFilter.java:117) ~[spring-web-5.3.18.jar:5.3.18]
	at org.apache.catalina.core.ApplicationFilterChain.internalDoFilter(ApplicationFilterChain.java:189) ~[tomcat-embed-core-9.0.60.jar:9.0.60]
	at org.apache.catalina.core.ApplicationFilterChain.doFilter(ApplicationFilterChain.java:162) ~[tomcat-embed-core-9.0.60.jar:9.0.60]
	at org.springframework.web.filter.CharacterEncodingFilter.doFilterInternal(CharacterEncodingFilter.java:201) ~[spring-web-5.3.18.jar:5.3.18]
	at org.springframework.web.filter.OncePerRequestFilter.doFilter(OncePerRequestFilter.java:117) ~[spring-web-5.3.18.jar:5.3.18]
	at org.apache.catalina.core.ApplicationFilterChain.internalDoFilter(ApplicationFilterChain.java:189) ~[tomcat-embed-core-9.0.60.jar:9.0.60]
	at org.apache.catalina.core.ApplicationFilterChain.doFilter(ApplicationFilterChain.java:162) ~[tomcat-embed-core-9.0.60.jar:9.0.60]
	at org.apache.catalina.core.StandardWrapperValve.invoke(StandardWrapperValve.java:197) ~[tomcat-embed-core-9.0.60.jar:9.0.60]
	at org.apache.catalina.core.StandardContextValve.invoke(StandardContextValve.java:97) ~[tomcat-embed-core-9.0.60.jar:9.0.60]
	at org.apache.catalina.authenticator.AuthenticatorBase.invoke(AuthenticatorBase.java:541) ~[tomcat-embed-core-9.0.60.jar:9.0.60]
	at org.apache.catalina.core.StandardHostValve.invoke(StandardHostValve.java:135) ~[tomcat-embed-core-9.0.60.jar:9.0.60]
	at org.apache.catalina.valves.ErrorReportValve.invoke(ErrorReportValve.java:92) ~[tomcat-embed-core-9.0.60.jar:9.0.60]
	at org.apache.catalina.core.StandardEngineValve.invoke(StandardEngineValve.java:78) ~[tomcat-embed-core-9.0.60.jar:9.0.60]
	at org.apache.catalina.connector.CoyoteAdapter.service(CoyoteAdapter.java:360) ~[tomcat-embed-core-9.0.60.jar:9.0.60]
	at org.apache.coyote.http11.Http11Processor.service(Http11Processor.java:399) ~[tomcat-embed-core-9.0.60.jar:9.0.60]
	at org.apache.coyote.AbstractProcessorLight.process(AbstractProcessorLight.java:65) ~[tomcat-embed-core-9.0.60.jar:9.0.60]
	at org.apache.coyote.AbstractProtocol$ConnectionHandler.process(AbstractProtocol.java:889) ~[tomcat-embed-core-9.0.60.jar:9.0.60]
	at org.apache.tomcat.util.net.NioEndpoint$SocketProcessor.doRun(NioEndpoint.java:1743) ~[tomcat-embed-core-9.0.60.jar:9.0.60]
	at org.apache.tomcat.util.net.SocketProcessorBase.run(SocketProcessorBase.java:49) ~[tomcat-embed-core-9.0.60.jar:9.0.60]
	at org.apache.tomcat.util.threads.ThreadPoolExecutor.runWorker(ThreadPoolExecutor.java:1191) ~[tomcat-embed-core-9.0.60.jar:9.0.60]
	at org.apache.tomcat.util.threads.ThreadPoolExecutor$Worker.run(ThreadPoolExecutor.java:659) ~[tomcat-embed-core-9.0.60.jar:9.0.60]
	at org.apache.tomcat.util.threads.TaskThread$WrappingRunnable.run(TaskThread.java:61) ~[tomcat-embed-core-9.0.60.jar:9.0.60]
	at java.base/java.lang.Thread.run(Thread.java:833) ~[na:na]

2022-04-05 09:52:59.921  INFO 22032 --- [restartedMain] c.s.w.c.SpringBootCrudApiApplication     : Starting SpringBootCrudApiApplication using Java 17.0.2 on LEONA with PID 22032 (D:\work\Mthree\eclipse-workspace\springBootCrudApi\target\classes started by Leona in D:\work\Mthree\eclipse-workspace\springBootCrudApi)
2022-04-05 09:52:59.921  INFO 22032 --- [restartedMain] c.s.w.c.SpringBootCrudApiApplication     : No active profile set, falling back to 1 default profile: "default"
2022-04-05 09:53:00.062  INFO 22032 --- [restartedMain] o.s.b.w.embedded.tomcat.TomcatWebServer  : Tomcat initialized with port(s): 8080 (http)
2022-04-05 09:53:00.062  INFO 22032 --- [restartedMain] o.apache.catalina.core.StandardService   : Starting service [Tomcat]
2022-04-05 09:53:00.062  INFO 22032 --- [restartedMain] org.apache.catalina.core.StandardEngine  : Starting Servlet engine: [Apache Tomcat/9.0.60]
2022-04-05 09:53:00.071  INFO 22032 --- [restartedMain] o.a.c.c.C.[Tomcat-1].[localhost].[/]     : Initializing Spring embedded WebApplicationContext
2022-04-05 09:53:00.071  INFO 22032 --- [restartedMain] w.s.c.ServletWebServerApplicationContext : Root WebApplicationContext: initialization completed in 148 ms
2022-04-05 09:53:00.143  INFO 22032 --- [restartedMain] o.s.b.d.a.OptionalLiveReloadServer       : LiveReload server is running on port 35729
2022-04-05 09:53:00.149  INFO 22032 --- [restartedMain] o.s.b.w.embedded.tomcat.TomcatWebServer  : Tomcat started on port(s): 8080 (http) with context path ''
2022-04-05 09:53:00.151  INFO 22032 --- [restartedMain] c.s.w.c.SpringBootCrudApiApplication     : Started SpringBootCrudApiApplication in 0.25 seconds (JVM running for 3647.965)
2022-04-05 09:53:00.152  INFO 22032 --- [restartedMain] .ConditionEvaluationDeltaLoggingListener : Condition evaluation unchanged
2022-04-05 09:53:13.353  INFO 22032 --- [http-nio-8080-exec-1] o.a.c.c.C.[Tomcat-1].[localhost].[/]     : Initializing Spring DispatcherServlet 'dispatcherServlet'
2022-04-05 09:53:13.353  INFO 22032 --- [http-nio-8080-exec-1] o.s.web.servlet.DispatcherServlet        : Initializing Servlet 'dispatcherServlet'
2022-04-05 09:53:13.354  INFO 22032 --- [http-nio-8080-exec-1] o.s.web.servlet.DispatcherServlet        : Completed initialization in 1 ms
2022-04-05 09:55:02.389  WARN 22032 --- [http-nio-8080-exec-6] .w.s.m.s.DefaultHandlerExceptionResolver : Resolved [org.springframework.web.method.annotation.MethodArgumentTypeMismatchException: Failed to convert value of type 'java.lang.String' to required type 'java.lang.Integer'; nested exception is java.lang.NumberFormatException: For input string: "createForm"]
2022-04-05 09:56:31.737  WARN 22032 --- [http-nio-8080-exec-7] .w.s.m.s.DefaultHandlerExceptionResolver : Resolved [org.springframework.web.method.annotation.MethodArgumentTypeMismatchException: Failed to convert value of type 'java.lang.String' to required type 'java.lang.Integer'; nested exception is java.lang.NumberFormatException: For input string: "createForm"]
2022-04-05 09:58:52.884  WARN 22032 --- [http-nio-8080-exec-8] .w.s.m.s.DefaultHandlerExceptionResolver : Resolved [org.springframework.web.method.annotation.MethodArgumentTypeMismatchException: Failed to convert value of type 'java.lang.String' to required type 'java.lang.Integer'; nested exception is java.lang.NumberFormatException: For input string: "createForm"]
2022-04-05 09:59:09.934  WARN 22032 --- [http-nio-8080-exec-9] .w.s.m.s.DefaultHandlerExceptionResolver : Resolved [org.springframework.web.method.annotation.MethodArgumentTypeMismatchException: Failed to convert value of type 'java.lang.String' to required type 'java.lang.Integer'; nested exception is java.lang.NumberFormatException: For input string: "createForm"]
2022-04-05 09:59:36.041  INFO 22032 --- [restartedMain] c.s.w.c.SpringBootCrudApiApplication     : Starting SpringBootCrudApiApplication using Java 17.0.2 on LEONA with PID 22032 (D:\work\Mthree\eclipse-workspace\springBootCrudApi\target\classes started by Leona in D:\work\Mthree\eclipse-workspace\springBootCrudApi)
2022-04-05 09:59:36.041  INFO 22032 --- [restartedMain] c.s.w.c.SpringBootCrudApiApplication     : No active profile set, falling back to 1 default profile: "default"
2022-04-05 09:59:36.169  INFO 22032 --- [restartedMain] o.s.b.w.embedded.tomcat.TomcatWebServer  : Tomcat initialized with port(s): 8080 (http)
2022-04-05 09:59:36.169  INFO 22032 --- [restartedMain] o.apache.catalina.core.StandardService   : Starting service [Tomcat]
2022-04-05 09:59:36.169  INFO 22032 --- [restartedMain] org.apache.catalina.core.StandardEngine  : Starting Servlet engine: [Apache Tomcat/9.0.60]
2022-04-05 09:59:36.178  INFO 22032 --- [restartedMain] o.a.c.c.C.[Tomcat-1].[localhost].[/]     : Initializing Spring embedded WebApplicationContext
2022-04-05 09:59:36.178  INFO 22032 --- [restartedMain] w.s.c.ServletWebServerApplicationContext : Root WebApplicationContext: initialization completed in 136 ms
2022-04-05 09:59:36.256  INFO 22032 --- [restartedMain] o.s.b.d.a.OptionalLiveReloadServer       : LiveReload server is running on port 35729
2022-04-05 09:59:36.262  INFO 22032 --- [restartedMain] o.s.b.w.embedded.tomcat.TomcatWebServer  : Tomcat started on port(s): 8080 (http) with context path ''
2022-04-05 09:59:36.265  INFO 22032 --- [restartedMain] c.s.w.c.SpringBootCrudApiApplication     : Started SpringBootCrudApiApplication in 0.237 seconds (JVM running for 4044.079)
2022-04-05 09:59:36.266  INFO 22032 --- [restartedMain] .ConditionEvaluationDeltaLoggingListener : Condition evaluation unchanged
2022-04-05 10:00:02.058  INFO 22032 --- [restartedMain] c.s.w.c.SpringBootCrudApiApplication     : Starting SpringBootCrudApiApplication using Java 17.0.2 on LEONA with PID 22032 (D:\work\Mthree\eclipse-workspace\springBootCrudApi\target\classes started by Leona in D:\work\Mthree\eclipse-workspace\springBootCrudApi)
2022-04-05 10:00:02.059  INFO 22032 --- [restartedMain] c.s.w.c.SpringBootCrudApiApplication     : No active profile set, falling back to 1 default profile: "default"
2022-04-05 10:00:02.163  INFO 22032 --- [restartedMain] o.s.b.w.embedded.tomcat.TomcatWebServer  : Tomcat initialized with port(s): 8080 (http)
2022-04-05 10:00:02.163  INFO 22032 --- [restartedMain] o.apache.catalina.core.StandardService   : Starting service [Tomcat]
2022-04-05 10:00:02.163  INFO 22032 --- [restartedMain] org.apache.catalina.core.StandardEngine  : Starting Servlet engine: [Apache Tomcat/9.0.60]
2022-04-05 10:00:02.172  INFO 22032 --- [restartedMain] o.a.c.c.C.[Tomcat-1].[localhost].[/]     : Initializing Spring embedded WebApplicationContext
2022-04-05 10:00:02.173  INFO 22032 --- [restartedMain] w.s.c.ServletWebServerApplicationContext : Root WebApplicationContext: initialization completed in 113 ms
2022-04-05 10:00:02.235  INFO 22032 --- [restartedMain] o.s.b.d.a.OptionalLiveReloadServer       : LiveReload server is running on port 35729
2022-04-05 10:00:02.241  INFO 22032 --- [restartedMain] o.s.b.w.embedded.tomcat.TomcatWebServer  : Tomcat started on port(s): 8080 (http) with context path ''
2022-04-05 10:00:02.244  INFO 22032 --- [restartedMain] c.s.w.c.SpringBootCrudApiApplication     : Started SpringBootCrudApiApplication in 0.197 seconds (JVM running for 4070.057)
2022-04-05 10:00:02.244  INFO 22032 --- [restartedMain] .ConditionEvaluationDeltaLoggingListener : Condition evaluation unchanged
2022-04-05 10:03:24.626  INFO 22032 --- [http-nio-8080-exec-1] o.a.c.c.C.[Tomcat-1].[localhost].[/]     : Initializing Spring DispatcherServlet 'dispatcherServlet'
2022-04-05 10:03:24.626  INFO 22032 --- [http-nio-8080-exec-1] o.s.web.servlet.DispatcherServlet        : Initializing Servlet 'dispatcherServlet'
2022-04-05 10:03:24.627  INFO 22032 --- [http-nio-8080-exec-1] o.s.web.servlet.DispatcherServlet        : Completed initialization in 1 ms
2022-04-05 10:03:24.632  INFO 22032 --- [http-nio-8080-exec-1] com.zaxxer.hikari.HikariDataSource       : HikariPool-4 - Starting...
2022-04-05 10:03:24.649  INFO 22032 --- [http-nio-8080-exec-1] com.zaxxer.hikari.HikariDataSource       : HikariPool-4 - Start completed.
2022-04-05 11:05:14.704  INFO 22032 --- [RMI TCP Connection(136)-127.0.0.1] inMXBeanRegistrar$SpringApplicationAdmin : Application shutdown requested.
2022-04-05 11:05:14.716  INFO 22032 --- [RMI TCP Connection(136)-127.0.0.1] com.zaxxer.hikari.HikariDataSource       : HikariPool-4 - Shutdown initiated...
2022-04-05 11:05:14.719  INFO 22032 --- [RMI TCP Connection(136)-127.0.0.1] com.zaxxer.hikari.HikariDataSource       : HikariPool-4 - Shutdown completed.
2022-04-05 14:34:48.968  INFO 2344 --- [main] .s.w.c.SpringBootCrudApiApplicationTests : Starting SpringBootCrudApiApplicationTests using Java 16 on LEONA with PID 2344 (started by Leona in D:\work\Mthree\eclipse-workspace\springBootCrudApi)
2022-04-05 14:34:48.969  INFO 2344 --- [main] .s.w.c.SpringBootCrudApiApplicationTests : No active profile set, falling back to 1 default profile: "default"
2022-04-05 14:34:50.432  INFO 2344 --- [main] .s.w.c.SpringBootCrudApiApplicationTests : Started SpringBootCrudApiApplicationTests in 1.735 seconds (JVM running for 2.453)
2022-04-05 20:41:46.661  INFO 1620 --- [restartedMain] c.s.w.c.SpringBootCrudApiApplication     : Starting SpringBootCrudApiApplication using Java 17.0.2 on LEONA with PID 1620 (D:\work\Mthree\eclipse-workspace\springBootCrudApi\target\classes started by Leona in D:\work\Mthree\eclipse-workspace\springBootCrudApi)
2022-04-05 20:41:46.662  INFO 1620 --- [restartedMain] c.s.w.c.SpringBootCrudApiApplication     : No active profile set, falling back to 1 default profile: "default"
2022-04-05 20:41:46.702  INFO 1620 --- [restartedMain] .e.DevToolsPropertyDefaultsPostProcessor : Devtools property defaults active! Set 'spring.devtools.add-properties' to 'false' to disable
2022-04-05 20:41:46.702  INFO 1620 --- [restartedMain] .e.DevToolsPropertyDefaultsPostProcessor : For additional web related logging consider setting the 'logging.level.web' property to 'DEBUG'
2022-04-05 20:41:47.416  INFO 1620 --- [restartedMain] o.s.b.w.embedded.tomcat.TomcatWebServer  : Tomcat initialized with port(s): 8080 (http)
2022-04-05 20:41:47.423  INFO 1620 --- [restartedMain] o.apache.catalina.core.StandardService   : Starting service [Tomcat]
2022-04-05 20:41:47.423  INFO 1620 --- [restartedMain] org.apache.catalina.core.StandardEngine  : Starting Servlet engine: [Apache Tomcat/9.0.60]
2022-04-05 20:41:47.468  INFO 1620 --- [restartedMain] o.a.c.c.C.[Tomcat].[localhost].[/]       : Initializing Spring embedded WebApplicationContext
2022-04-05 20:41:47.469  INFO 1620 --- [restartedMain] w.s.c.ServletWebServerApplicationContext : Root WebApplicationContext: initialization completed in 767 ms
2022-04-05 20:41:47.765  INFO 1620 --- [restartedMain] o.s.b.d.a.OptionalLiveReloadServer       : LiveReload server is running on port 35729
2022-04-05 20:41:47.794  INFO 1620 --- [restartedMain] o.s.b.w.embedded.tomcat.TomcatWebServer  : Tomcat started on port(s): 8080 (http) with context path ''
2022-04-05 20:41:47.802  INFO 1620 --- [restartedMain] c.s.w.c.SpringBootCrudApiApplication     : Started SpringBootCrudApiApplication in 1.384 seconds (JVM running for 1.926)
2022-04-05 20:42:46.272  INFO 1620 --- [http-nio-8080-exec-1] o.a.c.c.C.[Tomcat].[localhost].[/]       : Initializing Spring DispatcherServlet 'dispatcherServlet'
2022-04-05 20:42:46.272  INFO 1620 --- [http-nio-8080-exec-1] o.s.web.servlet.DispatcherServlet        : Initializing Servlet 'dispatcherServlet'
2022-04-05 20:42:46.274  INFO 1620 --- [http-nio-8080-exec-1] o.s.web.servlet.DispatcherServlet        : Completed initialization in 2 ms
2022-04-05 20:42:46.320  INFO 1620 --- [http-nio-8080-exec-1] com.zaxxer.hikari.HikariDataSource       : HikariPool-1 - Starting...
2022-04-05 20:42:46.650  INFO 1620 --- [http-nio-8080-exec-1] com.zaxxer.hikari.HikariDataSource       : HikariPool-1 - Start completed.
2022-04-05 20:51:54.649 ERROR 1620 --- [http-nio-8080-exec-5] o.a.c.c.C.[.[.[/].[dispatcherServlet]    : Servlet.service() for servlet [dispatcherServlet] in context with path [] threw exception [Request processing failed; nested exception is org.springframework.jdbc.BadSqlGrammarException: StatementCallback; bad SQL grammar [INSERT INTO worker VALUES(10,'Rehana','Arif',50000,'2022-04-05 20:51:54','Admin','rehana.arif0707@gmail.com');]; nested exception is java.sql.SQLException: Column count doesn't match value count at row 1] with root cause

java.sql.SQLException: Column count doesn't match value count at row 1
	at com.mysql.cj.jdbc.exceptions.SQLError.createSQLException(SQLError.java:129) ~[mysql-connector-java-8.0.28.jar:8.0.28]
	at com.mysql.cj.jdbc.exceptions.SQLExceptionsMapping.translateException(SQLExceptionsMapping.java:122) ~[mysql-connector-java-8.0.28.jar:8.0.28]
	at com.mysql.cj.jdbc.StatementImpl.executeUpdateInternal(StatementImpl.java:1335) ~[mysql-connector-java-8.0.28.jar:8.0.28]
	at com.mysql.cj.jdbc.StatementImpl.executeLargeUpdate(StatementImpl.java:2084) ~[mysql-connector-java-8.0.28.jar:8.0.28]
	at com.mysql.cj.jdbc.StatementImpl.executeUpdate(StatementImpl.java:1246) ~[mysql-connector-java-8.0.28.jar:8.0.28]
	at com.zaxxer.hikari.pool.ProxyStatement.executeUpdate(ProxyStatement.java:119) ~[HikariCP-4.0.3.jar:na]
	at com.zaxxer.hikari.pool.HikariProxyStatement.executeUpdate(HikariProxyStatement.java) ~[HikariCP-4.0.3.jar:na]
	at org.springframework.jdbc.core.JdbcTemplate$1UpdateStatementCallback.doInStatement(JdbcTemplate.java:546) ~[spring-jdbc-5.3.18.jar:5.3.18]
	at org.springframework.jdbc.core.JdbcTemplate$1UpdateStatementCallback.doInStatement(JdbcTemplate.java:543) ~[spring-jdbc-5.3.18.jar:5.3.18]
	at org.springframework.jdbc.core.JdbcTemplate.execute(JdbcTemplate.java:381) ~[spring-jdbc-5.3.18.jar:5.3.18]
	at org.springframework.jdbc.core.JdbcTemplate.update(JdbcTemplate.java:558) ~[spring-jdbc-5.3.18.jar:5.3.18]
	at com.springboot.workers.crudapi.repository.WorkerRepository.createWorker(WorkerRepository.java:36) ~[classes/:na]
	at com.springboot.workers.crudapi.repository.WorkerRepository$$FastClassBySpringCGLIB$$a12c43f.invoke(<generated>) ~[classes/:na]
	at org.springframework.cglib.proxy.MethodProxy.invoke(MethodProxy.java:218) ~[spring-core-5.3.18.jar:5.3.18]
	at org.springframework.aop.framework.CglibAopProxy$CglibMethodInvocation.invokeJoinpoint(CglibAopProxy.java:783) ~[spring-aop-5.3.18.jar:5.3.18]
	at org.springframework.aop.framework.ReflectiveMethodInvocation.proceed(ReflectiveMethodInvocation.java:163) ~[spring-aop-5.3.18.jar:5.3.18]
	at org.springframework.aop.framework.CglibAopProxy$CglibMethodInvocation.proceed(CglibAopProxy.java:753) ~[spring-aop-5.3.18.jar:5.3.18]
	at org.springframework.dao.support.PersistenceExceptionTranslationInterceptor.invoke(PersistenceExceptionTranslationInterceptor.java:137) ~[spring-tx-5.3.18.jar:5.3.18]
	at org.springframework.aop.framework.ReflectiveMethodInvocation.proceed(ReflectiveMethodInvocation.java:186) ~[spring-aop-5.3.18.jar:5.3.18]
	at org.springframework.aop.framework.CglibAopProxy$CglibMethodInvocation.proceed(CglibAopProxy.java:753) ~[spring-aop-5.3.18.jar:5.3.18]
	at org.springframework.aop.framework.CglibAopProxy$DynamicAdvisedInterceptor.intercept(CglibAopProxy.java:698) ~[spring-aop-5.3.18.jar:5.3.18]
	at com.springboot.workers.crudapi.repository.WorkerRepository$$EnhancerBySpringCGLIB$$c3681291.createWorker(<generated>) ~[classes/:na]
	at com.springboot.workers.crudapi.services.WorkerService.createWorker(WorkerService.java:38) ~[classes/:na]
	at com.springboot.workers.crudapi.controller.WorkerController.createForm(WorkerController.java:67) ~[classes/:na]
	at java.base/jdk.internal.reflect.NativeMethodAccessorImpl.invoke0(Native Method) ~[na:na]
	at java.base/jdk.internal.reflect.NativeMethodAccessorImpl.invoke(NativeMethodAccessorImpl.java:77) ~[na:na]
	at java.base/jdk.internal.reflect.DelegatingMethodAccessorImpl.invoke(DelegatingMethodAccessorImpl.java:43) ~[na:na]
	at java.base/java.lang.reflect.Method.invoke(Method.java:568) ~[na:na]
	at org.springframework.web.method.support.InvocableHandlerMethod.doInvoke(InvocableHandlerMethod.java:205) ~[spring-web-5.3.18.jar:5.3.18]
	at org.springframework.web.method.support.InvocableHandlerMethod.invokeForRequest(InvocableHandlerMethod.java:150) ~[spring-web-5.3.18.jar:5.3.18]
	at org.springframework.web.servlet.mvc.method.annotation.ServletInvocableHandlerMethod.invokeAndHandle(ServletInvocableHandlerMethod.java:117) ~[spring-webmvc-5.3.18.jar:5.3.18]
	at org.springframework.web.servlet.mvc.method.annotation.RequestMappingHandlerAdapter.invokeHandlerMethod(RequestMappingHandlerAdapter.java:895) ~[spring-webmvc-5.3.18.jar:5.3.18]
	at org.springframework.web.servlet.mvc.method.annotation.RequestMappingHandlerAdapter.handleInternal(RequestMappingHandlerAdapter.java:808) ~[spring-webmvc-5.3.18.jar:5.3.18]
	at org.springframework.web.servlet.mvc.method.AbstractHandlerMethodAdapter.handle(AbstractHandlerMethodAdapter.java:87) ~[spring-webmvc-5.3.18.jar:5.3.18]
	at org.springframework.web.servlet.DispatcherServlet.doDispatch(DispatcherServlet.java:1067) ~[spring-webmvc-5.3.18.jar:5.3.18]
	at org.springframework.web.servlet.DispatcherServlet.doService(DispatcherServlet.java:963) ~[spring-webmvc-5.3.18.jar:5.3.18]
	at org.springframework.web.servlet.FrameworkServlet.processRequest(FrameworkServlet.java:1006) ~[spring-webmvc-5.3.18.jar:5.3.18]
	at org.springframework.web.servlet.FrameworkServlet.doPost(FrameworkServlet.java:909) ~[spring-webmvc-5.3.18.jar:5.3.18]
	at javax.servlet.http.HttpServlet.service(HttpServlet.java:681) ~[tomcat-embed-core-9.0.60.jar:4.0.FR]
	at org.springframework.web.servlet.FrameworkServlet.service(FrameworkServlet.java:883) ~[spring-webmvc-5.3.18.jar:5.3.18]
	at javax.servlet.http.HttpServlet.service(HttpServlet.java:764) ~[tomcat-embed-core-9.0.60.jar:4.0.FR]
	at org.apache.catalina.core.ApplicationFilterChain.internalDoFilter(ApplicationFilterChain.java:227) ~[tomcat-embed-core-9.0.60.jar:9.0.60]
	at org.apache.catalina.core.ApplicationFilterChain.doFilter(ApplicationFilterChain.java:162) ~[tomcat-embed-core-9.0.60.jar:9.0.60]
	at org.apache.tomcat.websocket.server.WsFilter.doFilter(WsFilter.java:53) ~[tomcat-embed-websocket-9.0.60.jar:9.0.60]
	at org.apache.catalina.core.ApplicationFilterChain.internalDoFilter(ApplicationFilterChain.java:189) ~[tomcat-embed-core-9.0.60.jar:9.0.60]
	at org.apache.catalina.core.ApplicationFilterChain.doFilter(ApplicationFilterChain.java:162) ~[tomcat-embed-core-9.0.60.jar:9.0.60]
	at org.springframework.web.filter.RequestContextFilter.doFilterInternal(RequestContextFilter.java:100) ~[spring-web-5.3.18.jar:5.3.18]
	at org.springframework.web.filter.OncePerRequestFilter.doFilter(OncePerRequestFilter.java:117) ~[spring-web-5.3.18.jar:5.3.18]
	at org.apache.catalina.core.ApplicationFilterChain.internalDoFilter(ApplicationFilterChain.java:189) ~[tomcat-embed-core-9.0.60.jar:9.0.60]
	at org.apache.catalina.core.ApplicationFilterChain.doFilter(ApplicationFilterChain.java:162) ~[tomcat-embed-core-9.0.60.jar:9.0.60]
	at org.springframework.web.filter.FormContentFilter.doFilterInternal(FormContentFilter.java:93) ~[spring-web-5.3.18.jar:5.3.18]
	at org.springframework.web.filter.OncePerRequestFilter.doFilter(OncePerRequestFilter.java:117) ~[spring-web-5.3.18.jar:5.3.18]
	at org.apache.catalina.core.ApplicationFilterChain.internalDoFilter(ApplicationFilterChain.java:189) ~[tomcat-embed-core-9.0.60.jar:9.0.60]
	at org.apache.catalina.core.ApplicationFilterChain.doFilter(ApplicationFilterChain.java:162) ~[tomcat-embed-core-9.0.60.jar:9.0.60]
	at org.springframework.web.filter.CharacterEncodingFilter.doFilterInternal(CharacterEncodingFilter.java:201) ~[spring-web-5.3.18.jar:5.3.18]
	at org.springframework.web.filter.OncePerRequestFilter.doFilter(OncePerRequestFilter.java:117) ~[spring-web-5.3.18.jar:5.3.18]
	at org.apache.catalina.core.ApplicationFilterChain.internalDoFilter(ApplicationFilterChain.java:189) ~[tomcat-embed-core-9.0.60.jar:9.0.60]
	at org.apache.catalina.core.ApplicationFilterChain.doFilter(ApplicationFilterChain.java:162) ~[tomcat-embed-core-9.0.60.jar:9.0.60]
	at org.apache.catalina.core.StandardWrapperValve.invoke(StandardWrapperValve.java:197) ~[tomcat-embed-core-9.0.60.jar:9.0.60]
	at org.apache.catalina.core.StandardContextValve.invoke(StandardContextValve.java:97) ~[tomcat-embed-core-9.0.60.jar:9.0.60]
	at org.apache.catalina.authenticator.AuthenticatorBase.invoke(AuthenticatorBase.java:541) ~[tomcat-embed-core-9.0.60.jar:9.0.60]
	at org.apache.catalina.core.StandardHostValve.invoke(StandardHostValve.java:135) ~[tomcat-embed-core-9.0.60.jar:9.0.60]
	at org.apache.catalina.valves.ErrorReportValve.invoke(ErrorReportValve.java:92) ~[tomcat-embed-core-9.0.60.jar:9.0.60]
	at org.apache.catalina.core.StandardEngineValve.invoke(StandardEngineValve.java:78) ~[tomcat-embed-core-9.0.60.jar:9.0.60]
	at org.apache.catalina.connector.CoyoteAdapter.service(CoyoteAdapter.java:360) ~[tomcat-embed-core-9.0.60.jar:9.0.60]
	at org.apache.coyote.http11.Http11Processor.service(Http11Processor.java:399) ~[tomcat-embed-core-9.0.60.jar:9.0.60]
	at org.apache.coyote.AbstractProcessorLight.process(AbstractProcessorLight.java:65) ~[tomcat-embed-core-9.0.60.jar:9.0.60]
	at org.apache.coyote.AbstractProtocol$ConnectionHandler.process(AbstractProtocol.java:889) ~[tomcat-embed-core-9.0.60.jar:9.0.60]
	at org.apache.tomcat.util.net.NioEndpoint$SocketProcessor.doRun(NioEndpoint.java:1743) ~[tomcat-embed-core-9.0.60.jar:9.0.60]
	at org.apache.tomcat.util.net.SocketProcessorBase.run(SocketProcessorBase.java:49) ~[tomcat-embed-core-9.0.60.jar:9.0.60]
	at org.apache.tomcat.util.threads.ThreadPoolExecutor.runWorker(ThreadPoolExecutor.java:1191) ~[tomcat-embed-core-9.0.60.jar:9.0.60]
	at org.apache.tomcat.util.threads.ThreadPoolExecutor$Worker.run(ThreadPoolExecutor.java:659) ~[tomcat-embed-core-9.0.60.jar:9.0.60]
	at org.apache.tomcat.util.threads.TaskThread$WrappingRunnable.run(TaskThread.java:61) ~[tomcat-embed-core-9.0.60.jar:9.0.60]
	at java.base/java.lang.Thread.run(Thread.java:833) ~[na:na]

2022-04-05 21:01:38.614  INFO 1620 --- [Thread-5] com.zaxxer.hikari.HikariDataSource       : HikariPool-1 - Shutdown initiated...
2022-04-05 21:01:38.621  INFO 1620 --- [Thread-5] com.zaxxer.hikari.HikariDataSource       : HikariPool-1 - Shutdown completed.
2022-04-05 21:01:38.671  INFO 1620 --- [restartedMain] c.s.w.c.SpringBootCrudApiApplication     : Starting SpringBootCrudApiApplication using Java 17.0.2 on LEONA with PID 1620 (D:\work\Mthree\eclipse-workspace\springBootCrudApi\target\classes started by Leona in D:\work\Mthree\eclipse-workspace\springBootCrudApi)
2022-04-05 21:01:38.671  INFO 1620 --- [restartedMain] c.s.w.c.SpringBootCrudApiApplication     : No active profile set, falling back to 1 default profile: "default"
2022-04-05 21:01:38.802  INFO 1620 --- [restartedMain] o.s.b.w.embedded.tomcat.TomcatWebServer  : Tomcat initialized with port(s): 8080 (http)
2022-04-05 21:01:38.802  INFO 1620 --- [restartedMain] o.apache.catalina.core.StandardService   : Starting service [Tomcat]
2022-04-05 21:01:38.802  INFO 1620 --- [restartedMain] org.apache.catalina.core.StandardEngine  : Starting Servlet engine: [Apache Tomcat/9.0.60]
2022-04-05 21:01:38.814  INFO 1620 --- [restartedMain] o.a.c.c.C.[Tomcat].[localhost].[/]       : Initializing Spring embedded WebApplicationContext
2022-04-05 21:01:38.814  INFO 1620 --- [restartedMain] w.s.c.ServletWebServerApplicationContext : Root WebApplicationContext: initialization completed in 141 ms
2022-04-05 21:01:38.892  INFO 1620 --- [restartedMain] o.s.b.d.a.OptionalLiveReloadServer       : LiveReload server is running on port 35729
2022-04-05 21:01:38.899  INFO 1620 --- [restartedMain] o.s.b.w.embedded.tomcat.TomcatWebServer  : Tomcat started on port(s): 8080 (http) with context path ''
2022-04-05 21:01:38.901  INFO 1620 --- [restartedMain] c.s.w.c.SpringBootCrudApiApplication     : Started SpringBootCrudApiApplication in 0.247 seconds (JVM running for 1193.025)
2022-04-05 21:01:38.903  INFO 1620 --- [restartedMain] .ConditionEvaluationDeltaLoggingListener : Condition evaluation unchanged
2022-04-05 21:02:03.668  INFO 1620 --- [restartedMain] c.s.w.c.SpringBootCrudApiApplication     : Starting SpringBootCrudApiApplication using Java 17.0.2 on LEONA with PID 1620 (D:\work\Mthree\eclipse-workspace\springBootCrudApi\target\classes started by Leona in D:\work\Mthree\eclipse-workspace\springBootCrudApi)
2022-04-05 21:02:03.669  INFO 1620 --- [restartedMain] c.s.w.c.SpringBootCrudApiApplication     : No active profile set, falling back to 1 default profile: "default"
2022-04-05 21:02:03.779  INFO 1620 --- [restartedMain] o.s.b.w.embedded.tomcat.TomcatWebServer  : Tomcat initialized with port(s): 8080 (http)
2022-04-05 21:02:03.782  INFO 1620 --- [restartedMain] o.apache.catalina.core.StandardService   : Starting service [Tomcat]
2022-04-05 21:02:03.782  INFO 1620 --- [restartedMain] org.apache.catalina.core.StandardEngine  : Starting Servlet engine: [Apache Tomcat/9.0.60]
2022-04-05 21:02:03.791  INFO 1620 --- [restartedMain] o.a.c.c.C.[Tomcat].[localhost].[/]       : Initializing Spring embedded WebApplicationContext
2022-04-05 21:02:03.791  INFO 1620 --- [restartedMain] w.s.c.ServletWebServerApplicationContext : Root WebApplicationContext: initialization completed in 121 ms
2022-04-05 21:02:03.864  INFO 1620 --- [restartedMain] o.s.b.d.a.OptionalLiveReloadServer       : LiveReload server is running on port 35729
2022-04-05 21:02:03.871  INFO 1620 --- [restartedMain] o.s.b.w.embedded.tomcat.TomcatWebServer  : Tomcat started on port(s): 8080 (http) with context path ''
2022-04-05 21:02:03.873  INFO 1620 --- [restartedMain] c.s.w.c.SpringBootCrudApiApplication     : Started SpringBootCrudApiApplication in 0.219 seconds (JVM running for 1217.997)
2022-04-05 21:02:03.874  INFO 1620 --- [restartedMain] .ConditionEvaluationDeltaLoggingListener : Condition evaluation unchanged
2022-04-05 21:02:31.709  INFO 1620 --- [restartedMain] c.s.w.c.SpringBootCrudApiApplication     : Starting SpringBootCrudApiApplication using Java 17.0.2 on LEONA with PID 1620 (D:\work\Mthree\eclipse-workspace\springBootCrudApi\target\classes started by Leona in D:\work\Mthree\eclipse-workspace\springBootCrudApi)
2022-04-05 21:02:31.709  INFO 1620 --- [restartedMain] c.s.w.c.SpringBootCrudApiApplication     : No active profile set, falling back to 1 default profile: "default"
2022-04-05 21:02:31.818  INFO 1620 --- [restartedMain] o.s.b.w.embedded.tomcat.TomcatWebServer  : Tomcat initialized with port(s): 8080 (http)
2022-04-05 21:02:31.819  INFO 1620 --- [restartedMain] o.apache.catalina.core.StandardService   : Starting service [Tomcat]
2022-04-05 21:02:31.819  INFO 1620 --- [restartedMain] org.apache.catalina.core.StandardEngine  : Starting Servlet engine: [Apache Tomcat/9.0.60]
2022-04-05 21:02:31.828  INFO 1620 --- [restartedMain] o.a.c.c.C.[Tomcat].[localhost].[/]       : Initializing Spring embedded WebApplicationContext
2022-04-05 21:02:31.828  INFO 1620 --- [restartedMain] w.s.c.ServletWebServerApplicationContext : Root WebApplicationContext: initialization completed in 118 ms
2022-04-05 21:02:31.893  INFO 1620 --- [restartedMain] o.s.b.d.a.OptionalLiveReloadServer       : LiveReload server is running on port 35729
2022-04-05 21:02:31.900  INFO 1620 --- [restartedMain] o.s.b.w.embedded.tomcat.TomcatWebServer  : Tomcat started on port(s): 8080 (http) with context path ''
2022-04-05 21:02:31.902  INFO 1620 --- [restartedMain] c.s.w.c.SpringBootCrudApiApplication     : Started SpringBootCrudApiApplication in 0.205 seconds (JVM running for 1246.026)
2022-04-05 21:02:31.903  INFO 1620 --- [restartedMain] .ConditionEvaluationDeltaLoggingListener : Condition evaluation unchanged
2022-04-05 21:02:45.525  INFO 1620 --- [restartedMain] c.s.w.c.SpringBootCrudApiApplication     : Starting SpringBootCrudApiApplication using Java 17.0.2 on LEONA with PID 1620 (D:\work\Mthree\eclipse-workspace\springBootCrudApi\target\classes started by Leona in D:\work\Mthree\eclipse-workspace\springBootCrudApi)
2022-04-05 21:02:45.525  INFO 1620 --- [restartedMain] c.s.w.c.SpringBootCrudApiApplication     : No active profile set, falling back to 1 default profile: "default"
2022-04-05 21:02:45.624  INFO 1620 --- [restartedMain] o.s.b.w.embedded.tomcat.TomcatWebServer  : Tomcat initialized with port(s): 8080 (http)
2022-04-05 21:02:45.624  INFO 1620 --- [restartedMain] o.apache.catalina.core.StandardService   : Starting service [Tomcat]
2022-04-05 21:02:45.624  INFO 1620 --- [restartedMain] org.apache.catalina.core.StandardEngine  : Starting Servlet engine: [Apache Tomcat/9.0.60]
2022-04-05 21:02:45.632  INFO 1620 --- [restartedMain] o.a.c.c.C.[Tomcat].[localhost].[/]       : Initializing Spring embedded WebApplicationContext
2022-04-05 21:02:45.632  INFO 1620 --- [restartedMain] w.s.c.ServletWebServerApplicationContext : Root WebApplicationContext: initialization completed in 106 ms
2022-04-05 21:02:45.690  INFO 1620 --- [restartedMain] o.s.b.d.a.OptionalLiveReloadServer       : LiveReload server is running on port 35729
2022-04-05 21:02:45.695  INFO 1620 --- [restartedMain] o.s.b.w.embedded.tomcat.TomcatWebServer  : Tomcat started on port(s): 8080 (http) with context path ''
2022-04-05 21:02:45.698  INFO 1620 --- [restartedMain] c.s.w.c.SpringBootCrudApiApplication     : Started SpringBootCrudApiApplication in 0.185 seconds (JVM running for 1259.823)
2022-04-05 21:02:45.699  INFO 1620 --- [restartedMain] .ConditionEvaluationDeltaLoggingListener : Condition evaluation unchanged
2022-04-05 21:02:59.308  INFO 1620 --- [restartedMain] c.s.w.c.SpringBootCrudApiApplication     : Starting SpringBootCrudApiApplication using Java 17.0.2 on LEONA with PID 1620 (D:\work\Mthree\eclipse-workspace\springBootCrudApi\target\classes started by Leona in D:\work\Mthree\eclipse-workspace\springBootCrudApi)
2022-04-05 21:02:59.308  INFO 1620 --- [restartedMain] c.s.w.c.SpringBootCrudApiApplication     : No active profile set, falling back to 1 default profile: "default"
2022-04-05 21:02:59.416  INFO 1620 --- [restartedMain] o.s.b.w.embedded.tomcat.TomcatWebServer  : Tomcat initialized with port(s): 8080 (http)
2022-04-05 21:02:59.416  INFO 1620 --- [restartedMain] o.apache.catalina.core.StandardService   : Starting service [Tomcat]
2022-04-05 21:02:59.416  INFO 1620 --- [restartedMain] org.apache.catalina.core.StandardEngine  : Starting Servlet engine: [Apache Tomcat/9.0.60]
2022-04-05 21:02:59.425  INFO 1620 --- [restartedMain] o.a.c.c.C.[Tomcat].[localhost].[/]       : Initializing Spring embedded WebApplicationContext
2022-04-05 21:02:59.426  INFO 1620 --- [restartedMain] w.s.c.ServletWebServerApplicationContext : Root WebApplicationContext: initialization completed in 117 ms
2022-04-05 21:02:59.491  INFO 1620 --- [restartedMain] o.s.b.d.a.OptionalLiveReloadServer       : LiveReload server is running on port 35729
2022-04-05 21:02:59.497  INFO 1620 --- [restartedMain] o.s.b.w.embedded.tomcat.TomcatWebServer  : Tomcat started on port(s): 8080 (http) with context path ''
2022-04-05 21:02:59.499  INFO 1620 --- [restartedMain] c.s.w.c.SpringBootCrudApiApplication     : Started SpringBootCrudApiApplication in 0.205 seconds (JVM running for 1273.624)
2022-04-05 21:02:59.500  INFO 1620 --- [restartedMain] .ConditionEvaluationDeltaLoggingListener : Condition evaluation unchanged
2022-04-05 21:03:17.156  INFO 1620 --- [restartedMain] c.s.w.c.SpringBootCrudApiApplication     : Starting SpringBootCrudApiApplication using Java 17.0.2 on LEONA with PID 1620 (D:\work\Mthree\eclipse-workspace\springBootCrudApi\target\classes started by Leona in D:\work\Mthree\eclipse-workspace\springBootCrudApi)
2022-04-05 21:03:17.156  INFO 1620 --- [restartedMain] c.s.w.c.SpringBootCrudApiApplication     : No active profile set, falling back to 1 default profile: "default"
2022-04-05 21:03:17.257  INFO 1620 --- [restartedMain] o.s.b.w.embedded.tomcat.TomcatWebServer  : Tomcat initialized with port(s): 8080 (http)
2022-04-05 21:03:17.257  INFO 1620 --- [restartedMain] o.apache.catalina.core.StandardService   : Starting service [Tomcat]
2022-04-05 21:03:17.257  INFO 1620 --- [restartedMain] org.apache.catalina.core.StandardEngine  : Starting Servlet engine: [Apache Tomcat/9.0.60]
2022-04-05 21:03:17.268  INFO 1620 --- [restartedMain] o.a.c.c.C.[Tomcat].[localhost].[/]       : Initializing Spring embedded WebApplicationContext
2022-04-05 21:03:17.268  INFO 1620 --- [restartedMain] w.s.c.ServletWebServerApplicationContext : Root WebApplicationContext: initialization completed in 111 ms
2022-04-05 21:03:17.327  INFO 1620 --- [restartedMain] o.s.b.d.a.OptionalLiveReloadServer       : LiveReload server is running on port 35729
2022-04-05 21:03:17.333  INFO 1620 --- [restartedMain] o.s.b.w.embedded.tomcat.TomcatWebServer  : Tomcat started on port(s): 8080 (http) with context path ''
2022-04-05 21:03:17.335  INFO 1620 --- [restartedMain] c.s.w.c.SpringBootCrudApiApplication     : Started SpringBootCrudApiApplication in 0.192 seconds (JVM running for 1291.459)
2022-04-05 21:03:17.336  INFO 1620 --- [restartedMain] .ConditionEvaluationDeltaLoggingListener : Condition evaluation unchanged
2022-04-05 21:03:44.114  INFO 1620 --- [restartedMain] c.s.w.c.SpringBootCrudApiApplication     : Starting SpringBootCrudApiApplication using Java 17.0.2 on LEONA with PID 1620 (D:\work\Mthree\eclipse-workspace\springBootCrudApi\target\classes started by Leona in D:\work\Mthree\eclipse-workspace\springBootCrudApi)
2022-04-05 21:03:44.114  INFO 1620 --- [restartedMain] c.s.w.c.SpringBootCrudApiApplication     : No active profile set, falling back to 1 default profile: "default"
2022-04-05 21:03:44.214  INFO 1620 --- [restartedMain] o.s.b.w.embedded.tomcat.TomcatWebServer  : Tomcat initialized with port(s): 8080 (http)
2022-04-05 21:03:44.215  INFO 1620 --- [restartedMain] o.apache.catalina.core.StandardService   : Starting service [Tomcat]
2022-04-05 21:03:44.215  INFO 1620 --- [restartedMain] org.apache.catalina.core.StandardEngine  : Starting Servlet engine: [Apache Tomcat/9.0.60]
2022-04-05 21:03:44.222  INFO 1620 --- [restartedMain] o.a.c.c.C.[Tomcat].[localhost].[/]       : Initializing Spring embedded WebApplicationContext
2022-04-05 21:03:44.222  INFO 1620 --- [restartedMain] w.s.c.ServletWebServerApplicationContext : Root WebApplicationContext: initialization completed in 107 ms
2022-04-05 21:03:44.280  INFO 1620 --- [restartedMain] o.s.b.d.a.OptionalLiveReloadServer       : LiveReload server is running on port 35729
2022-04-05 21:03:44.286  INFO 1620 --- [restartedMain] o.s.b.w.embedded.tomcat.TomcatWebServer  : Tomcat started on port(s): 8080 (http) with context path ''
2022-04-05 21:03:44.289  INFO 1620 --- [restartedMain] c.s.w.c.SpringBootCrudApiApplication     : Started SpringBootCrudApiApplication in 0.187 seconds (JVM running for 1318.413)
2022-04-05 21:03:44.289  INFO 1620 --- [restartedMain] .ConditionEvaluationDeltaLoggingListener : Condition evaluation unchanged
2022-04-05 21:10:02.242  INFO 1620 --- [restartedMain] c.s.w.c.SpringBootCrudApiApplication     : Starting SpringBootCrudApiApplication using Java 17.0.2 on LEONA with PID 1620 (D:\work\Mthree\eclipse-workspace\springBootCrudApi\target\classes started by Leona in D:\work\Mthree\eclipse-workspace\springBootCrudApi)
2022-04-05 21:10:02.242  INFO 1620 --- [restartedMain] c.s.w.c.SpringBootCrudApiApplication     : No active profile set, falling back to 1 default profile: "default"
2022-04-05 21:10:02.355  INFO 1620 --- [restartedMain] o.s.b.w.embedded.tomcat.TomcatWebServer  : Tomcat initialized with port(s): 8080 (http)
2022-04-05 21:10:02.355  INFO 1620 --- [restartedMain] o.apache.catalina.core.StandardService   : Starting service [Tomcat]
2022-04-05 21:10:02.355  INFO 1620 --- [restartedMain] org.apache.catalina.core.StandardEngine  : Starting Servlet engine: [Apache Tomcat/9.0.60]
2022-04-05 21:10:02.363  INFO 1620 --- [restartedMain] o.a.c.c.C.[Tomcat].[localhost].[/]       : Initializing Spring embedded WebApplicationContext
2022-04-05 21:10:02.363  INFO 1620 --- [restartedMain] w.s.c.ServletWebServerApplicationContext : Root WebApplicationContext: initialization completed in 119 ms
2022-04-05 21:10:02.429  INFO 1620 --- [restartedMain] o.s.b.d.a.OptionalLiveReloadServer       : LiveReload server is running on port 35729
2022-04-05 21:10:02.434  INFO 1620 --- [restartedMain] o.s.b.w.embedded.tomcat.TomcatWebServer  : Tomcat started on port(s): 8080 (http) with context path ''
2022-04-05 21:10:02.437  INFO 1620 --- [restartedMain] c.s.w.c.SpringBootCrudApiApplication     : Started SpringBootCrudApiApplication in 0.208 seconds (JVM running for 1696.561)
2022-04-05 21:10:02.438  INFO 1620 --- [restartedMain] .ConditionEvaluationDeltaLoggingListener : Condition evaluation unchanged
2022-04-05 21:10:45.466  INFO 1620 --- [restartedMain] c.s.w.c.SpringBootCrudApiApplication     : Starting SpringBootCrudApiApplication using Java 17.0.2 on LEONA with PID 1620 (D:\work\Mthree\eclipse-workspace\springBootCrudApi\target\classes started by Leona in D:\work\Mthree\eclipse-workspace\springBootCrudApi)
2022-04-05 21:10:45.466  INFO 1620 --- [restartedMain] c.s.w.c.SpringBootCrudApiApplication     : No active profile set, falling back to 1 default profile: "default"
2022-04-05 21:10:45.565  INFO 1620 --- [restartedMain] o.s.b.w.embedded.tomcat.TomcatWebServer  : Tomcat initialized with port(s): 8080 (http)
2022-04-05 21:10:45.566  INFO 1620 --- [restartedMain] o.apache.catalina.core.StandardService   : Starting service [Tomcat]
2022-04-05 21:10:45.566  INFO 1620 --- [restartedMain] org.apache.catalina.core.StandardEngine  : Starting Servlet engine: [Apache Tomcat/9.0.60]
2022-04-05 21:10:45.573  INFO 1620 --- [restartedMain] o.a.c.c.C.[Tomcat].[localhost].[/]       : Initializing Spring embedded WebApplicationContext
2022-04-05 21:10:45.573  INFO 1620 --- [restartedMain] w.s.c.ServletWebServerApplicationContext : Root WebApplicationContext: initialization completed in 106 ms
2022-04-05 21:10:45.626  INFO 1620 --- [restartedMain] o.s.b.d.a.OptionalLiveReloadServer       : LiveReload server is running on port 35729
2022-04-05 21:10:45.632  INFO 1620 --- [restartedMain] o.s.b.w.embedded.tomcat.TomcatWebServer  : Tomcat started on port(s): 8080 (http) with context path ''
2022-04-05 21:10:45.634  INFO 1620 --- [restartedMain] c.s.w.c.SpringBootCrudApiApplication     : Started SpringBootCrudApiApplication in 0.18 seconds (JVM running for 1739.759)
2022-04-05 21:10:45.635  INFO 1620 --- [restartedMain] .ConditionEvaluationDeltaLoggingListener : Condition evaluation unchanged
2022-04-05 21:11:10.408  INFO 1620 --- [restartedMain] c.s.w.c.SpringBootCrudApiApplication     : Starting SpringBootCrudApiApplication using Java 17.0.2 on LEONA with PID 1620 (D:\work\Mthree\eclipse-workspace\springBootCrudApi\target\classes started by Leona in D:\work\Mthree\eclipse-workspace\springBootCrudApi)
2022-04-05 21:11:10.408  INFO 1620 --- [restartedMain] c.s.w.c.SpringBootCrudApiApplication     : No active profile set, falling back to 1 default profile: "default"
2022-04-05 21:11:10.512  INFO 1620 --- [restartedMain] o.s.b.w.embedded.tomcat.TomcatWebServer  : Tomcat initialized with port(s): 8080 (http)
2022-04-05 21:11:10.512  INFO 1620 --- [restartedMain] o.apache.catalina.core.StandardService   : Starting service [Tomcat]
2022-04-05 21:11:10.512  INFO 1620 --- [restartedMain] org.apache.catalina.core.StandardEngine  : Starting Servlet engine: [Apache Tomcat/9.0.60]
2022-04-05 21:11:10.520  INFO 1620 --- [restartedMain] o.a.c.c.C.[Tomcat].[localhost].[/]       : Initializing Spring embedded WebApplicationContext
2022-04-05 21:11:10.520  INFO 1620 --- [restartedMain] w.s.c.ServletWebServerApplicationContext : Root WebApplicationContext: initialization completed in 111 ms
2022-04-05 21:11:10.582  INFO 1620 --- [restartedMain] o.s.b.d.a.OptionalLiveReloadServer       : LiveReload server is running on port 35729
2022-04-05 21:11:10.588  INFO 1620 --- [restartedMain] o.s.b.w.embedded.tomcat.TomcatWebServer  : Tomcat started on port(s): 8080 (http) with context path ''
2022-04-05 21:11:10.590  INFO 1620 --- [restartedMain] c.s.w.c.SpringBootCrudApiApplication     : Started SpringBootCrudApiApplication in 0.193 seconds (JVM running for 1764.715)
2022-04-05 21:11:10.591  INFO 1620 --- [restartedMain] .ConditionEvaluationDeltaLoggingListener : Condition evaluation unchanged
2022-04-05 21:11:36.355  INFO 1620 --- [restartedMain] c.s.w.c.SpringBootCrudApiApplication     : Starting SpringBootCrudApiApplication using Java 17.0.2 on LEONA with PID 1620 (D:\work\Mthree\eclipse-workspace\springBootCrudApi\target\classes started by Leona in D:\work\Mthree\eclipse-workspace\springBootCrudApi)
2022-04-05 21:11:36.355  INFO 1620 --- [restartedMain] c.s.w.c.SpringBootCrudApiApplication     : No active profile set, falling back to 1 default profile: "default"
2022-04-05 21:11:36.452  INFO 1620 --- [restartedMain] o.s.b.w.embedded.tomcat.TomcatWebServer  : Tomcat initialized with port(s): 8080 (http)
2022-04-05 21:11:36.452  INFO 1620 --- [restartedMain] o.apache.catalina.core.StandardService   : Starting service [Tomcat]
2022-04-05 21:11:36.452  INFO 1620 --- [restartedMain] org.apache.catalina.core.StandardEngine  : Starting Servlet engine: [Apache Tomcat/9.0.60]
2022-04-05 21:11:36.460  INFO 1620 --- [restartedMain] o.a.c.c.C.[Tomcat].[localhost].[/]       : Initializing Spring embedded WebApplicationContext
2022-04-05 21:11:36.460  INFO 1620 --- [restartedMain] w.s.c.ServletWebServerApplicationContext : Root WebApplicationContext: initialization completed in 104 ms
2022-04-05 21:11:36.524  INFO 1620 --- [restartedMain] o.s.b.d.a.OptionalLiveReloadServer       : LiveReload server is running on port 35729
2022-04-05 21:11:36.529  INFO 1620 --- [restartedMain] o.s.b.w.embedded.tomcat.TomcatWebServer  : Tomcat started on port(s): 8080 (http) with context path ''
2022-04-05 21:11:36.531  INFO 1620 --- [restartedMain] c.s.w.c.SpringBootCrudApiApplication     : Started SpringBootCrudApiApplication in 0.188 seconds (JVM running for 1790.656)
2022-04-05 21:11:36.532  INFO 1620 --- [restartedMain] .ConditionEvaluationDeltaLoggingListener : Condition evaluation unchanged
2022-04-05 21:13:05.168  INFO 1620 --- [http-nio-8080-exec-1] o.a.c.c.C.[Tomcat].[localhost].[/]       : Initializing Spring DispatcherServlet 'dispatcherServlet'
2022-04-05 21:13:05.168  INFO 1620 --- [http-nio-8080-exec-1] o.s.web.servlet.DispatcherServlet        : Initializing Servlet 'dispatcherServlet'
2022-04-05 21:13:05.169  INFO 1620 --- [http-nio-8080-exec-1] o.s.web.servlet.DispatcherServlet        : Completed initialization in 1 ms
2022-04-05 21:13:05.175  INFO 1620 --- [http-nio-8080-exec-1] com.zaxxer.hikari.HikariDataSource       : HikariPool-2 - Starting...
2022-04-05 21:13:05.193  INFO 1620 --- [http-nio-8080-exec-1] com.zaxxer.hikari.HikariDataSource       : HikariPool-2 - Start completed.
2022-04-05 21:13:36.753  INFO 1620 --- [RMI TCP Connection(36)-127.0.0.1] inMXBeanRegistrar$SpringApplicationAdmin : Application shutdown requested.
2022-04-05 21:13:36.783  INFO 1620 --- [RMI TCP Connection(36)-127.0.0.1] com.zaxxer.hikari.HikariDataSource       : HikariPool-2 - Shutdown initiated...
2022-04-05 21:13:36.787  INFO 1620 --- [RMI TCP Connection(36)-127.0.0.1] com.zaxxer.hikari.HikariDataSource       : HikariPool-2 - Shutdown completed.
